<?xml version="1.0" encoding="utf-8"?>
<CoverageSession xmlns:xsd="http://www.w3.org/2001/XMLSchema" xmlns:xsi="http://www.w3.org/2001/XMLSchema-instance">
  <Summary numSequencePoints="800" visitedSequencePoints="592" numBranchPoints="186" visitedBranchPoints="173" sequenceCoverage="74" branchCoverage="93.01" maxCyclomaticComplexity="3" minCyclomaticComplexity="1" />
  <Modules>
    <Module skippedDueTo="Filter" hash="82-E5-AB-98-88-78-12-EB-CE-56-61-F9-54-BD-DF-07-38-33-CC-DB">
      <FullName>C:\Windows\Microsoft.Net\assembly\GAC_32\mscorlib\v4.0_4.0.0.0__b77a5c561934e089\mscorlib.dll</FullName>
      <ModuleName>mscorlib</ModuleName>
      <Classes />
    </Module>
    <Module skippedDueTo="MissingPdb" hash="37-80-BE-DC-A8-79-2C-78-4A-75-9F-D4-19-B1-3A-5A-48-3E-CA-03">
      <FullName>C:\Program Files (x86)\SharpDevelop\5.0\bin\Tools\NUnit\nunit-console-x86.exe</FullName>
      <ModuleName>nunit-console</ModuleName>
      <Classes />
    </Module>
    <Module skippedDueTo="MissingPdb" hash="33-E1-CA-24-52-5A-B7-C7-C4-AF-91-2C-A9-4A-C0-37-67-0D-5B-FE">
      <FullName>C:\Program Files (x86)\SharpDevelop\5.0\bin\Tools\NUnit\lib\nunit.core.dll</FullName>
      <ModuleName>nunit.core</ModuleName>
      <Classes />
    </Module>
    <Module skippedDueTo="MissingPdb" hash="2A-C4-E5-DE-F3-EE-AD-84-E1-65-84-CC-15-90-76-96-E7-01-44-4E">
      <FullName>C:\Program Files (x86)\SharpDevelop\5.0\bin\Tools\NUnit\lib\nunit-console-runner.dll</FullName>
      <ModuleName>nunit-console-runner</ModuleName>
      <Classes />
    </Module>
    <Module skippedDueTo="MissingPdb" hash="74-74-F6-87-59-E1-5F-4F-5F-5E-6E-82-50-E8-E2-46-D4-86-15-76">
      <FullName>C:\Program Files (x86)\SharpDevelop\5.0\bin\Tools\NUnit\lib\nunit.util.dll</FullName>
      <ModuleName>nunit.util</ModuleName>
      <Classes />
    </Module>
    <Module skippedDueTo="MissingPdb" hash="D3-A4-4D-85-55-F7-CE-EF-A5-90-AA-EF-58-E0-9F-B6-CC-27-99-53">
      <FullName>C:\Program Files (x86)\SharpDevelop\5.0\bin\Tools\NUnit\lib\nunit.core.interfaces.dll</FullName>
      <ModuleName>nunit.core.interfaces</ModuleName>
      <Classes />
    </Module>
    <Module skippedDueTo="Filter" hash="68-2C-E9-3C-97-12-3E-41-03-67-62-B8-56-00-43-0F-FC-D5-55-41">
      <FullName>C:\Windows\Microsoft.Net\assembly\GAC_MSIL\System.Configuration\v4.0_4.0.0.0__b03f5f7f11d50a3a\System.Configuration.dll</FullName>
      <ModuleName>System.Configuration</ModuleName>
      <Classes />
    </Module>
    <Module skippedDueTo="Filter" hash="95-BF-1E-D5-01-4B-4C-3A-DD-26-38-3F-91-6B-51-18-D3-62-48-CB">
      <FullName>C:\Windows\Microsoft.Net\assembly\GAC_MSIL\System\v4.0_4.0.0.0__b77a5c561934e089\System.dll</FullName>
      <ModuleName>System</ModuleName>
      <Classes />
    </Module>
    <Module skippedDueTo="Filter" hash="02-48-D8-40-BF-27-52-82-F9-C6-04-52-74-0C-85-95-AE-D5-36-B5">
      <FullName>C:\Windows\Microsoft.Net\assembly\GAC_MSIL\System.Xml\v4.0_4.0.0.0__b77a5c561934e089\System.Xml.dll</FullName>
      <ModuleName>System.Xml</ModuleName>
      <Classes />
    </Module>
    <Module skippedDueTo="Filter" hash="BB-22-2B-D0-CE-B1-A5-08-20-9C-FA-2B-83-97-64-3A-8B-BD-0A-39">
      <FullName>C:\Windows\Microsoft.Net\assembly\GAC_MSIL\System.Runtime.Remoting\v4.0_4.0.0.0__b77a5c561934e089\System.Runtime.Remoting.dll</FullName>
      <ModuleName>System.Runtime.Remoting</ModuleName>
      <Classes />
    </Module>
    <Module skippedDueTo="Filter" hash="58-95-C1-AF-C4-E5-C6-BB-F3-54-7A-B0-3C-B7-C6-29-C9-42-CA-D4">
      <FullName>C:\Windows\Microsoft.Net\assembly\GAC_MSIL\System.Core\v4.0_4.0.0.0__b77a5c561934e089\System.Core.dll</FullName>
      <ModuleName>System.Core</ModuleName>
      <Classes />
    </Module>
    <Module skippedDueTo="Filter" hash="53-C2-4C-FD-75-D3-6F-66-5D-87-2F-6E-33-50-D1-BA-A3-56-67-88">
      <FullName>C:\Windows\Microsoft.Net\assembly\GAC_MSIL\mscorlib.resources\v4.0_4.0.0.0_fr_b77a5c561934e089\mscorlib.resources.dll</FullName>
      <ModuleName>mscorlib.resources</ModuleName>
      <Classes />
    </Module>
    <Module skippedDueTo="MissingPdb" hash="33-E1-CA-24-52-5A-B7-C7-C4-AF-91-2C-A9-4A-C0-37-67-0D-5B-FE">
      <FullName>C:\Program Files (x86)\SharpDevelop\5.0\bin\Tools\NUnit\lib\nunit.core.dll</FullName>
      <ModuleName>nunit.core</ModuleName>
      <Classes />
    </Module>
    <Module skippedDueTo="Filter" hash="95-BF-1E-D5-01-4B-4C-3A-DD-26-38-3F-91-6B-51-18-D3-62-48-CB">
      <FullName>C:\Windows\Microsoft.Net\assembly\GAC_MSIL\System\v4.0_4.0.0.0__b77a5c561934e089\System.dll</FullName>
      <ModuleName>System</ModuleName>
      <Classes />
    </Module>
    <Module skippedDueTo="Filter" hash="02-48-D8-40-BF-27-52-82-F9-C6-04-52-74-0C-85-95-AE-D5-36-B5">
      <FullName>C:\Windows\Microsoft.Net\assembly\GAC_MSIL\System.Xml\v4.0_4.0.0.0__b77a5c561934e089\System.Xml.dll</FullName>
      <ModuleName>System.Xml</ModuleName>
      <Classes />
    </Module>
    <Module skippedDueTo="MissingPdb" hash="D3-A4-4D-85-55-F7-CE-EF-A5-90-AA-EF-58-E0-9F-B6-CC-27-99-53">
      <FullName>C:\Program Files (x86)\SharpDevelop\5.0\bin\Tools\NUnit\lib\nunit.core.interfaces.dll</FullName>
      <ModuleName>nunit.core.interfaces</ModuleName>
      <Classes />
    </Module>
    <Module hash="2D-6E-90-19-94-05-38-FB-92-D9-F2-68-4E-FC-08-FB-7D-6E-AD-1B">
      <Summary numSequencePoints="800" visitedSequencePoints="592" numBranchPoints="186" visitedBranchPoints="173" sequenceCoverage="74" branchCoverage="93.01" maxCyclomaticComplexity="3" minCyclomaticComplexity="1" />
      <FullName>C:\Users\Charly-PC\AppData\Local\Temp\nunit20\ShadowCopyCache\6504_635367970036095266\Tests_1108440265\assembly\dl3\166d4122\1f238864_a579cf01\CsharpNunitKoans.dll</FullName>
      <ModuleName>CsharpNunitKoans</ModuleName>
      <Files>
        <File uid="1" fullPath="c:\Users\Charly-PC\Desktop\CSharp\NunitKoans\CsharpNunitKoans\CsharpNunitKoans\Koans\_KoanHelper.cs" />
        <File uid="2" fullPath="c:\Users\Charly-PC\Desktop\CSharp\NunitKoans\CsharpNunitKoans\CsharpNunitKoans\K030_AboutStrings.cs" />
        <File uid="3" fullPath="c:\Users\Charly-PC\Desktop\CSharp\NunitKoans\CsharpNunitKoans\CsharpNunitKoans\K020_AboutVariables.cs" />
        <File uid="5" fullPath="c:\Users\Charly-PC\Desktop\CSharp\NunitKoans\CsharpNunitKoans\CsharpNunitKoans\K010_AboutAsserts.cs" />
        <File uid="6" fullPath="c:\Users\Charly-PC\Desktop\CSharp\NunitKoans\CsharpNunitKoans\CsharpNunitKoans\K080_AboutNull.cs" />
        <File uid="7" fullPath="c:\Users\Charly-PC\Desktop\CSharp\NunitKoans\CsharpNunitKoans\CsharpNunitKoans\K090_AboutMethods.cs" />
        <File uid="10" fullPath="c:\Users\Charly-PC\Desktop\CSharp\NunitKoans\CsharpNunitKoans\CsharpNunitKoans\K040_AboutArrays.cs" />
        <File uid="11" fullPath="c:\Users\Charly-PC\Desktop\CSharp\NunitKoans\CsharpNunitKoans\CsharpNunitKoans\K050_AboutControlStatements.cs" />
        <File uid="12" fullPath="c:\Users\Charly-PC\Desktop\CSharp\NunitKoans\CsharpNunitKoans\CsharpNunitKoans\K060_AboutHashes.cs" />
        <File uid="13" fullPath="c:\Users\Charly-PC\Desktop\CSharp\NunitKoans\CsharpNunitKoans\CsharpNunitKoans\K070_AboutObjects.cs" />
        <File uid="14" fullPath="c:\Users\Charly-PC\Desktop\CSharp\NunitKoans\CsharpNunitKoans\CsharpNunitKoans\Koans\_extentionMethods.cs" />
        <File uid="15" fullPath="c:\Users\Charly-PC\Desktop\CSharp\NunitKoans\CsharpNunitKoans\CsharpNunitKoans\K100_AboutInheritance.cs" />
        <File uid="21" fullPath="c:\Users\Charly-PC\Desktop\CSharp\NunitKoans\CsharpNunitKoans\CsharpNunitKoans\K110_AboutGenerics.cs" />
      </Files>
      <Classes>
        <Class>
          <Summary numSequencePoints="0" visitedSequencePoints="0" numBranchPoints="0" visitedBranchPoints="0" sequenceCoverage="0" branchCoverage="0" maxCyclomaticComplexity="0" minCyclomaticComplexity="0" />
          <FullName>&lt;Module&gt;</FullName>
          <Methods />
        </Class>
        <Class>
          <Summary numSequencePoints="1" visitedSequencePoints="1" numBranchPoints="1" visitedBranchPoints="1" sequenceCoverage="100" branchCoverage="100" maxCyclomaticComplexity="1" minCyclomaticComplexity="1" />
          <FullName>TheKoans.KoanHelper</FullName>
          <Methods>
            <Method visited="true" cyclomaticComplexity="1" sequenceCoverage="0" branchCoverage="0" isConstructor="true" isStatic="false" isGetter="false" isSetter="false">
              <Summary numSequencePoints="0" visitedSequencePoints="0" numBranchPoints="0" visitedBranchPoints="0" sequenceCoverage="0" branchCoverage="0" maxCyclomaticComplexity="1" minCyclomaticComplexity="1" />
              <MetadataToken>100663297</MetadataToken>
              <Name>System.Void TheKoans.KoanHelper::.ctor()</Name>
              <SequencePoints />
              <BranchPoints />
              <MethodPoint vc="10" uspid="1" ordinal="0" offset="0" />
            </Method>
            <Method visited="true" cyclomaticComplexity="1" sequenceCoverage="100" branchCoverage="100" isConstructor="true" isStatic="true" isGetter="false" isSetter="false">
              <Summary numSequencePoints="1" visitedSequencePoints="1" numBranchPoints="1" visitedBranchPoints="1" sequenceCoverage="100" branchCoverage="100" maxCyclomaticComplexity="1" minCyclomaticComplexity="1" />
              <MetadataToken>100663298</MetadataToken>
              <Name>System.Void TheKoans.KoanHelper::.cctor()</Name>
              <FileRef uid="1" />
              <SequencePoints>
                <SequencePoint vc="1" uspid="2" ordinal="0" offset="0" sl="8" sc="9" el="8" ec="56" bec="0" bev="0" fileid="1" />
              </SequencePoints>
              <BranchPoints />
              <MethodPoint xsi:type="SequencePoint" vc="1" uspid="2" ordinal="0" offset="0" sl="8" sc="9" el="8" ec="56" bec="0" bev="0" fileid="1" />
            </Method>
          </Methods>
        </Class>
        <Class>
          <Summary numSequencePoints="175" visitedSequencePoints="135" numBranchPoints="36" visitedBranchPoints="36" sequenceCoverage="77.14" branchCoverage="100" maxCyclomaticComplexity="2" minCyclomaticComplexity="1" />
          <FullName>TheKoans.K030_AboutStrings</FullName>
          <Methods>
            <Method visited="true" cyclomaticComplexity="1" sequenceCoverage="75" branchCoverage="100" isConstructor="false" isStatic="false" isGetter="false" isSetter="false">
              <Summary numSequencePoints="4" visitedSequencePoints="3" numBranchPoints="1" visitedBranchPoints="1" sequenceCoverage="75" branchCoverage="100" maxCyclomaticComplexity="1" minCyclomaticComplexity="1" />
              <MetadataToken>100663299</MetadataToken>
              <Name>System.Void TheKoans.K030_AboutStrings::DoubleQuotedStringsAreStrings()</Name>
              <FileRef uid="2" />
              <SequencePoints>
                <SequencePoint vc="1" uspid="3" ordinal="0" offset="0" sl="17" sc="3" el="17" ec="4" bec="0" bev="0" fileid="2" />
                <SequencePoint vc="1" uspid="4" ordinal="1" offset="1" sl="18" sc="4" el="18" ec="29" bec="0" bev="0" fileid="2" />
                <SequencePoint vc="1" uspid="5" ordinal="2" offset="7" sl="19" sc="4" el="19" ec="118" bec="0" bev="0" fileid="2" />
                <SequencePoint vc="0" uspid="6" ordinal="3" offset="34" sl="20" sc="3" el="20" ec="4" bec="0" bev="0" fileid="2" />
              </SequencePoints>
              <BranchPoints />
              <MethodPoint xsi:type="SequencePoint" vc="1" uspid="3" ordinal="0" offset="0" sl="17" sc="3" el="17" ec="4" bec="0" bev="0" fileid="2" />
            </Method>
            <Method visited="true" cyclomaticComplexity="1" sequenceCoverage="75" branchCoverage="100" isConstructor="false" isStatic="false" isGetter="false" isSetter="false">
              <Summary numSequencePoints="4" visitedSequencePoints="3" numBranchPoints="1" visitedBranchPoints="1" sequenceCoverage="75" branchCoverage="100" maxCyclomaticComplexity="1" minCyclomaticComplexity="1" />
              <MetadataToken>100663300</MetadataToken>
              <Name>System.Void TheKoans.K030_AboutStrings::SingleQuotedStringsAreNotStrings()</Name>
              <FileRef uid="2" />
              <SequencePoints>
                <SequencePoint vc="1" uspid="7" ordinal="0" offset="0" sl="24" sc="3" el="24" ec="4" bec="0" bev="0" fileid="2" />
                <SequencePoint vc="1" uspid="8" ordinal="1" offset="1" sl="26" sc="4" el="26" ec="18" bec="0" bev="0" fileid="2" />
                <SequencePoint vc="1" uspid="9" ordinal="2" offset="4" sl="27" sc="4" el="27" ec="98" bec="0" bev="0" fileid="2" />
                <SequencePoint vc="0" uspid="10" ordinal="3" offset="36" sl="28" sc="3" el="28" ec="4" bec="0" bev="0" fileid="2" />
              </SequencePoints>
              <BranchPoints />
              <MethodPoint xsi:type="SequencePoint" vc="1" uspid="7" ordinal="0" offset="0" sl="24" sc="3" el="24" ec="4" bec="0" bev="0" fileid="2" />
            </Method>
            <Method visited="true" cyclomaticComplexity="1" sequenceCoverage="75" branchCoverage="100" isConstructor="false" isStatic="false" isGetter="false" isSetter="false">
              <Summary numSequencePoints="4" visitedSequencePoints="3" numBranchPoints="1" visitedBranchPoints="1" sequenceCoverage="75" branchCoverage="100" maxCyclomaticComplexity="1" minCyclomaticComplexity="1" />
              <MetadataToken>100663301</MetadataToken>
              <Name>System.Void TheKoans.K030_AboutStrings::CreateAStringWhichContainsDoubleQuotes()</Name>
              <FileRef uid="2" />
              <SequencePoints>
                <SequencePoint vc="1" uspid="11" ordinal="0" offset="0" sl="32" sc="3" el="32" ec="4" bec="0" bev="0" fileid="2" />
                <SequencePoint vc="1" uspid="12" ordinal="1" offset="1" sl="33" sc="4" el="33" ec="33" bec="0" bev="0" fileid="2" />
                <SequencePoint vc="1" uspid="13" ordinal="2" offset="7" sl="34" sc="4" el="34" ec="123" bec="0" bev="0" fileid="2" />
                <SequencePoint vc="0" uspid="14" ordinal="3" offset="34" sl="35" sc="3" el="35" ec="4" bec="0" bev="0" fileid="2" />
              </SequencePoints>
              <BranchPoints />
              <MethodPoint xsi:type="SequencePoint" vc="1" uspid="11" ordinal="0" offset="0" sl="32" sc="3" el="32" ec="4" bec="0" bev="0" fileid="2" />
            </Method>
            <Method visited="true" cyclomaticComplexity="1" sequenceCoverage="75" branchCoverage="100" isConstructor="false" isStatic="false" isGetter="false" isSetter="false">
              <Summary numSequencePoints="4" visitedSequencePoints="3" numBranchPoints="1" visitedBranchPoints="1" sequenceCoverage="75" branchCoverage="100" maxCyclomaticComplexity="1" minCyclomaticComplexity="1" />
              <MetadataToken>100663302</MetadataToken>
              <Name>System.Void TheKoans.K030_AboutStrings::AnotherWayToCreateAStringWhichContainsDoubleQuotes()</Name>
              <FileRef uid="2" />
              <SequencePoints>
                <SequencePoint vc="1" uspid="15" ordinal="0" offset="0" sl="39" sc="3" el="39" ec="4" bec="0" bev="0" fileid="2" />
                <SequencePoint vc="1" uspid="16" ordinal="1" offset="1" sl="42" sc="4" el="42" ec="34" bec="0" bev="0" fileid="2" />
                <SequencePoint vc="1" uspid="17" ordinal="2" offset="7" sl="43" sc="4" el="43" ec="85" bec="0" bev="0" fileid="2" />
                <SequencePoint vc="0" uspid="18" ordinal="3" offset="34" sl="44" sc="3" el="44" ec="4" bec="0" bev="0" fileid="2" />
              </SequencePoints>
              <BranchPoints />
              <MethodPoint xsi:type="SequencePoint" vc="1" uspid="15" ordinal="0" offset="0" sl="39" sc="3" el="39" ec="4" bec="0" bev="0" fileid="2" />
            </Method>
            <Method visited="true" cyclomaticComplexity="1" sequenceCoverage="80" branchCoverage="100" isConstructor="false" isStatic="false" isGetter="false" isSetter="false">
              <Summary numSequencePoints="5" visitedSequencePoints="4" numBranchPoints="1" visitedBranchPoints="1" sequenceCoverage="80" branchCoverage="100" maxCyclomaticComplexity="1" minCyclomaticComplexity="1" />
              <MetadataToken>100663303</MetadataToken>
              <Name>System.Void TheKoans.K030_AboutStrings::VerbatimStringsCanHandleFlexibleQuoting()</Name>
              <FileRef uid="2" />
              <SequencePoints>
                <SequencePoint vc="1" uspid="19" ordinal="0" offset="0" sl="48" sc="3" el="48" ec="4" bec="0" bev="0" fileid="2" />
                <SequencePoint vc="1" uspid="20" ordinal="1" offset="1" sl="49" sc="4" el="49" ec="86" bec="0" bev="0" fileid="2" />
                <SequencePoint vc="1" uspid="21" ordinal="2" offset="7" sl="50" sc="4" el="50" ec="85" bec="0" bev="0" fileid="2" />
                <SequencePoint vc="1" uspid="22" ordinal="3" offset="13" sl="51" sc="4" el="51" ec="179" bec="0" bev="0" fileid="2" />
                <SequencePoint vc="0" uspid="23" ordinal="4" offset="41" sl="52" sc="3" el="52" ec="4" bec="0" bev="0" fileid="2" />
              </SequencePoints>
              <BranchPoints />
              <MethodPoint xsi:type="SequencePoint" vc="1" uspid="19" ordinal="0" offset="0" sl="48" sc="3" el="48" ec="4" bec="0" bev="0" fileid="2" />
            </Method>
            <Method visited="true" cyclomaticComplexity="1" sequenceCoverage="50" branchCoverage="100" isConstructor="false" isStatic="false" isGetter="false" isSetter="false">
              <Summary numSequencePoints="6" visitedSequencePoints="3" numBranchPoints="1" visitedBranchPoints="1" sequenceCoverage="50" branchCoverage="100" maxCyclomaticComplexity="1" minCyclomaticComplexity="1" />
              <MetadataToken>100663304</MetadataToken>
              <Name>System.Void TheKoans.K030_AboutStrings::VerbatimStringsCanHandleMultipleLinesToo()</Name>
              <FileRef uid="2" />
              <SequencePoints>
                <SequencePoint vc="1" uspid="24" ordinal="0" offset="0" sl="56" sc="3" el="56" ec="4" bec="0" bev="0" fileid="2" />
                <SequencePoint vc="1" uspid="25" ordinal="1" offset="1" sl="60" sc="4" el="62" ec="14" bec="0" bev="0" fileid="2" />
                <SequencePoint vc="1" uspid="26" ordinal="2" offset="7" sl="63" sc="4" el="63" ec="95" bec="0" bev="0" fileid="2" />
                <SequencePoint vc="0" uspid="27" ordinal="3" offset="34" sl="66" sc="4" el="66" ec="35" bec="0" bev="0" fileid="2" />
                <SequencePoint vc="0" uspid="28" ordinal="4" offset="40" sl="67" sc="4" el="67" ec="140" bec="0" bev="0" fileid="2" />
                <SequencePoint vc="0" uspid="29" ordinal="5" offset="53" sl="68" sc="3" el="68" ec="4" bec="0" bev="0" fileid="2" />
              </SequencePoints>
              <BranchPoints />
              <MethodPoint xsi:type="SequencePoint" vc="1" uspid="24" ordinal="0" offset="0" sl="56" sc="3" el="56" ec="4" bec="0" bev="0" fileid="2" />
            </Method>
            <Method visited="true" cyclomaticComplexity="1" sequenceCoverage="80" branchCoverage="100" isConstructor="false" isStatic="false" isGetter="false" isSetter="false">
              <Summary numSequencePoints="5" visitedSequencePoints="4" numBranchPoints="1" visitedBranchPoints="1" sequenceCoverage="80" branchCoverage="100" maxCyclomaticComplexity="1" minCyclomaticComplexity="1" />
              <MetadataToken>100663305</MetadataToken>
              <Name>System.Void TheKoans.K030_AboutStrings::ACrossPlatformWayToHandleLineEndings()</Name>
              <FileRef uid="2" />
              <SequencePoints>
                <SequencePoint vc="1" uspid="30" ordinal="0" offset="0" sl="72" sc="3" el="72" ec="4" bec="0" bev="0" fileid="2" />
                <SequencePoint vc="1" uspid="31" ordinal="1" offset="1" sl="77" sc="4" el="77" ec="40" bec="0" bev="0" fileid="2" />
                <SequencePoint vc="1" uspid="32" ordinal="2" offset="7" sl="83" sc="4" el="83" ec="95" bec="0" bev="0" fileid="2" />
                <SequencePoint vc="1" uspid="33" ordinal="3" offset="53" sl="84" sc="4" el="84" ec="91" bec="0" bev="0" fileid="2" />
                <SequencePoint vc="0" uspid="34" ordinal="4" offset="70" sl="85" sc="3" el="85" ec="4" bec="0" bev="0" fileid="2" />
              </SequencePoints>
              <BranchPoints />
              <MethodPoint xsi:type="SequencePoint" vc="1" uspid="30" ordinal="0" offset="0" sl="72" sc="3" el="72" ec="4" bec="0" bev="0" fileid="2" />
            </Method>
            <Method visited="true" cyclomaticComplexity="1" sequenceCoverage="75" branchCoverage="100" isConstructor="false" isStatic="false" isGetter="false" isSetter="false">
              <Summary numSequencePoints="4" visitedSequencePoints="3" numBranchPoints="1" visitedBranchPoints="1" sequenceCoverage="75" branchCoverage="100" maxCyclomaticComplexity="1" minCyclomaticComplexity="1" />
              <MetadataToken>100663306</MetadataToken>
              <Name>System.Void TheKoans.K030_AboutStrings::PlusWillConcatenateTwoStrings()</Name>
              <FileRef uid="2" />
              <SequencePoints>
                <SequencePoint vc="1" uspid="35" ordinal="0" offset="0" sl="89" sc="3" el="89" ec="4" bec="0" bev="0" fileid="2" />
                <SequencePoint vc="1" uspid="36" ordinal="1" offset="1" sl="90" sc="4" el="90" ec="34" bec="0" bev="0" fileid="2" />
                <SequencePoint vc="1" uspid="37" ordinal="2" offset="7" sl="91" sc="4" el="91" ec="128" bec="0" bev="0" fileid="2" />
                <SequencePoint vc="0" uspid="38" ordinal="3" offset="24" sl="92" sc="3" el="92" ec="4" bec="0" bev="0" fileid="2" />
              </SequencePoints>
              <BranchPoints />
              <MethodPoint xsi:type="SequencePoint" vc="1" uspid="35" ordinal="0" offset="0" sl="89" sc="3" el="89" ec="4" bec="0" bev="0" fileid="2" />
            </Method>
            <Method visited="true" cyclomaticComplexity="1" sequenceCoverage="62.5" branchCoverage="100" isConstructor="false" isStatic="false" isGetter="false" isSetter="false">
              <Summary numSequencePoints="8" visitedSequencePoints="5" numBranchPoints="1" visitedBranchPoints="1" sequenceCoverage="62.5" branchCoverage="100" maxCyclomaticComplexity="1" minCyclomaticComplexity="1" />
              <MetadataToken>100663307</MetadataToken>
              <Name>System.Void TheKoans.K030_AboutStrings::PlusConcatenationWillNotModifyOriginalStrings()</Name>
              <FileRef uid="2" />
              <SequencePoints>
                <SequencePoint vc="1" uspid="39" ordinal="0" offset="0" sl="96" sc="3" el="96" ec="4" bec="0" bev="0" fileid="2" />
                <SequencePoint vc="1" uspid="40" ordinal="1" offset="1" sl="97" sc="4" el="97" ec="25" bec="0" bev="0" fileid="2" />
                <SequencePoint vc="1" uspid="41" ordinal="2" offset="7" sl="98" sc="4" el="98" ec="23" bec="0" bev="0" fileid="2" />
                <SequencePoint vc="1" uspid="42" ordinal="3" offset="13" sl="99" sc="4" el="99" ec="33" bec="0" bev="0" fileid="2" />
                <SequencePoint vc="1" uspid="43" ordinal="4" offset="21" sl="100" sc="4" el="100" ec="121" bec="0" bev="0" fileid="2" />
                <SequencePoint vc="0" uspid="44" ordinal="5" offset="38" sl="101" sc="4" el="101" ec="111" bec="0" bev="0" fileid="2" />
                <SequencePoint vc="0" uspid="45" ordinal="6" offset="55" sl="102" sc="4" el="102" ec="140" bec="0" bev="0" fileid="2" />
                <SequencePoint vc="0" uspid="46" ordinal="7" offset="72" sl="103" sc="3" el="103" ec="4" bec="0" bev="0" fileid="2" />
              </SequencePoints>
              <BranchPoints />
              <MethodPoint xsi:type="SequencePoint" vc="1" uspid="39" ordinal="0" offset="0" sl="96" sc="3" el="96" ec="4" bec="0" bev="0" fileid="2" />
            </Method>
            <Method visited="true" cyclomaticComplexity="1" sequenceCoverage="71.43" branchCoverage="100" isConstructor="false" isStatic="false" isGetter="false" isSetter="false">
              <Summary numSequencePoints="7" visitedSequencePoints="5" numBranchPoints="1" visitedBranchPoints="1" sequenceCoverage="71.43" branchCoverage="100" maxCyclomaticComplexity="1" minCyclomaticComplexity="1" />
              <MetadataToken>100663308</MetadataToken>
              <Name>System.Void TheKoans.K030_AboutStrings::PlusEqualsWillModifyTheTargetString()</Name>
              <FileRef uid="2" />
              <SequencePoints>
                <SequencePoint vc="1" uspid="47" ordinal="0" offset="0" sl="107" sc="3" el="107" ec="4" bec="0" bev="0" fileid="2" />
                <SequencePoint vc="1" uspid="48" ordinal="1" offset="1" sl="108" sc="4" el="108" ec="25" bec="0" bev="0" fileid="2" />
                <SequencePoint vc="1" uspid="49" ordinal="2" offset="7" sl="109" sc="4" el="109" ec="23" bec="0" bev="0" fileid="2" />
                <SequencePoint vc="1" uspid="50" ordinal="3" offset="13" sl="110" sc="4" el="110" ec="17" bec="0" bev="0" fileid="2" />
                <SequencePoint vc="1" uspid="51" ordinal="4" offset="21" sl="111" sc="4" el="111" ec="64" bec="0" bev="0" fileid="2" />
                <SequencePoint vc="0" uspid="52" ordinal="5" offset="38" sl="112" sc="4" el="112" ec="112" bec="0" bev="0" fileid="2" />
                <SequencePoint vc="0" uspid="53" ordinal="6" offset="55" sl="113" sc="3" el="113" ec="4" bec="0" bev="0" fileid="2" />
              </SequencePoints>
              <BranchPoints />
              <MethodPoint xsi:type="SequencePoint" vc="1" uspid="47" ordinal="0" offset="0" sl="107" sc="3" el="107" ec="4" bec="0" bev="0" fileid="2" />
            </Method>
            <Method visited="true" cyclomaticComplexity="1" sequenceCoverage="83.33" branchCoverage="100" isConstructor="false" isStatic="false" isGetter="false" isSetter="false">
              <Summary numSequencePoints="6" visitedSequencePoints="5" numBranchPoints="1" visitedBranchPoints="1" sequenceCoverage="83.33" branchCoverage="100" maxCyclomaticComplexity="1" minCyclomaticComplexity="1" />
              <MetadataToken>100663309</MetadataToken>
              <Name>System.Void TheKoans.K030_AboutStrings::StringsAreReallyImmutable()</Name>
              <FileRef uid="2" />
              <SequencePoints>
                <SequencePoint vc="1" uspid="54" ordinal="0" offset="0" sl="117" sc="3" el="117" ec="4" bec="0" bev="0" fileid="2" />
                <SequencePoint vc="1" uspid="55" ordinal="1" offset="1" sl="125" sc="4" el="125" ec="25" bec="0" bev="0" fileid="2" />
                <SequencePoint vc="1" uspid="56" ordinal="2" offset="7" sl="126" sc="4" el="126" ec="30" bec="0" bev="0" fileid="2" />
                <SequencePoint vc="1" uspid="57" ordinal="3" offset="9" sl="128" sc="4" el="128" ec="17" bec="0" bev="0" fileid="2" />
                <SequencePoint vc="1" uspid="58" ordinal="4" offset="21" sl="129" sc="4" el="129" ec="118" bec="0" bev="0" fileid="2" />
                <SequencePoint vc="0" uspid="59" ordinal="5" offset="38" sl="139" sc="3" el="139" ec="4" bec="0" bev="0" fileid="2" />
              </SequencePoints>
              <BranchPoints />
              <MethodPoint xsi:type="SequencePoint" vc="1" uspid="54" ordinal="0" offset="0" sl="117" sc="3" el="117" ec="4" bec="0" bev="0" fileid="2" />
            </Method>
            <Method visited="true" cyclomaticComplexity="2" sequenceCoverage="90.91" branchCoverage="100" isConstructor="false" isStatic="false" isGetter="false" isSetter="false">
              <Summary numSequencePoints="11" visitedSequencePoints="10" numBranchPoints="3" visitedBranchPoints="3" sequenceCoverage="90.91" branchCoverage="100" maxCyclomaticComplexity="2" minCyclomaticComplexity="2" />
              <MetadataToken>100663310</MetadataToken>
              <Name>System.Void TheKoans.K030_AboutStrings::ABetterWayToConcatenateLotsOfStrings()</Name>
              <FileRef uid="2" />
              <SequencePoints>
                <SequencePoint vc="1" uspid="60" ordinal="0" offset="0" sl="143" sc="3" el="143" ec="4" bec="0" bev="0" fileid="2" />
                <SequencePoint vc="1" uspid="61" ordinal="1" offset="1" sl="146" sc="4" el="146" ec="42" bec="0" bev="0" fileid="2" />
                <SequencePoint vc="1" uspid="62" ordinal="2" offset="7" sl="147" sc="9" el="147" ec="19" bec="0" bev="0" fileid="2" />
                <SequencePoint vc="100" uspid="63" ordinal="3" offset="11" sl="147" sc="34" el="147" ec="35" bec="0" bev="0" fileid="2" />
                <SequencePoint vc="100" uspid="64" ordinal="4" offset="12" sl="148" sc="5" el="148" ec="29" bec="0" bev="0" fileid="2" />
                <SequencePoint vc="100" uspid="65" ordinal="5" offset="24" sl="149" sc="4" el="149" ec="5" bec="0" bev="0" fileid="2" />
                <SequencePoint vc="100" uspid="66" ordinal="6" offset="25" sl="147" sc="29" el="147" ec="32" bec="0" bev="0" fileid="2" />
                <SequencePoint vc="101" uspid="67" ordinal="7" offset="29" sl="147" sc="20" el="147" ec="27" bec="2" bev="2" fileid="2" />
                <SequencePoint vc="1" uspid="68" ordinal="8" offset="38" sl="150" sc="4" el="150" ec="37" bec="0" bev="0" fileid="2" />
                <SequencePoint vc="1" uspid="69" ordinal="9" offset="45" sl="151" sc="4" el="151" ec="154" bec="0" bev="0" fileid="2" />
                <SequencePoint vc="0" uspid="70" ordinal="10" offset="72" sl="157" sc="3" el="157" ec="4" bec="0" bev="0" fileid="2" />
              </SequencePoints>
              <BranchPoints>
                <BranchPoint vc="1" uspid="71" ordinal="0" offset="36" path="0" offsetchain="" offsetend="38" />
                <BranchPoint vc="100" uspid="72" ordinal="1" offset="36" path="1" offsetchain="" offsetend="11" />
              </BranchPoints>
              <MethodPoint xsi:type="SequencePoint" vc="1" uspid="60" ordinal="0" offset="0" sl="143" sc="3" el="143" ec="4" bec="0" bev="0" fileid="2" />
            </Method>
            <Method visited="true" cyclomaticComplexity="1" sequenceCoverage="75" branchCoverage="100" isConstructor="false" isStatic="false" isGetter="false" isSetter="false">
              <Summary numSequencePoints="4" visitedSequencePoints="3" numBranchPoints="1" visitedBranchPoints="1" sequenceCoverage="75" branchCoverage="100" maxCyclomaticComplexity="1" minCyclomaticComplexity="1" />
              <MetadataToken>100663311</MetadataToken>
              <Name>System.Void TheKoans.K030_AboutStrings::LiteralStringsInterpretsEscapeCharacters()</Name>
              <FileRef uid="2" />
              <SequencePoints>
                <SequencePoint vc="1" uspid="73" ordinal="0" offset="0" sl="161" sc="3" el="161" ec="4" bec="0" bev="0" fileid="2" />
                <SequencePoint vc="1" uspid="74" ordinal="1" offset="1" sl="162" sc="4" el="162" ec="19" bec="0" bev="0" fileid="2" />
                <SequencePoint vc="1" uspid="75" ordinal="2" offset="7" sl="163" sc="4" el="163" ec="102" bec="0" bev="0" fileid="2" />
                <SequencePoint vc="0" uspid="76" ordinal="3" offset="34" sl="164" sc="3" el="164" ec="4" bec="0" bev="0" fileid="2" />
              </SequencePoints>
              <BranchPoints />
              <MethodPoint xsi:type="SequencePoint" vc="1" uspid="73" ordinal="0" offset="0" sl="161" sc="3" el="161" ec="4" bec="0" bev="0" fileid="2" />
            </Method>
            <Method visited="true" cyclomaticComplexity="1" sequenceCoverage="75" branchCoverage="100" isConstructor="false" isStatic="false" isGetter="false" isSetter="false">
              <Summary numSequencePoints="4" visitedSequencePoints="3" numBranchPoints="1" visitedBranchPoints="1" sequenceCoverage="75" branchCoverage="100" maxCyclomaticComplexity="1" minCyclomaticComplexity="1" />
              <MetadataToken>100663312</MetadataToken>
              <Name>System.Void TheKoans.K030_AboutStrings::VerbatimStringsDoNotInterpretEscapeCharacters()</Name>
              <FileRef uid="2" />
              <SequencePoints>
                <SequencePoint vc="1" uspid="77" ordinal="0" offset="0" sl="168" sc="3" el="168" ec="4" bec="0" bev="0" fileid="2" />
                <SequencePoint vc="1" uspid="78" ordinal="1" offset="1" sl="169" sc="4" el="169" ec="20" bec="0" bev="0" fileid="2" />
                <SequencePoint vc="1" uspid="79" ordinal="2" offset="7" sl="170" sc="4" el="170" ec="149" bec="0" bev="0" fileid="2" />
                <SequencePoint vc="0" uspid="80" ordinal="3" offset="34" sl="171" sc="3" el="171" ec="4" bec="0" bev="0" fileid="2" />
              </SequencePoints>
              <BranchPoints />
              <MethodPoint xsi:type="SequencePoint" vc="1" uspid="77" ordinal="0" offset="0" sl="168" sc="3" el="168" ec="4" bec="0" bev="0" fileid="2" />
            </Method>
            <Method visited="true" cyclomaticComplexity="1" sequenceCoverage="75" branchCoverage="100" isConstructor="false" isStatic="false" isGetter="false" isSetter="false">
              <Summary numSequencePoints="4" visitedSequencePoints="3" numBranchPoints="1" visitedBranchPoints="1" sequenceCoverage="75" branchCoverage="100" maxCyclomaticComplexity="1" minCyclomaticComplexity="1" />
              <MetadataToken>100663313</MetadataToken>
              <Name>System.Void TheKoans.K030_AboutStrings::VerbatimStringsStillDoNotInterpretEscapeCharacters()</Name>
              <FileRef uid="2" />
              <SequencePoints>
                <SequencePoint vc="1" uspid="81" ordinal="0" offset="0" sl="175" sc="3" el="175" ec="4" bec="0" bev="0" fileid="2" />
                <SequencePoint vc="1" uspid="82" ordinal="1" offset="1" sl="176" sc="4" el="176" ec="21" bec="0" bev="0" fileid="2" />
                <SequencePoint vc="1" uspid="83" ordinal="2" offset="7" sl="177" sc="4" el="177" ec="113" bec="0" bev="0" fileid="2" />
                <SequencePoint vc="0" uspid="84" ordinal="3" offset="34" sl="178" sc="3" el="178" ec="4" bec="0" bev="0" fileid="2" />
              </SequencePoints>
              <BranchPoints />
              <MethodPoint xsi:type="SequencePoint" vc="1" uspid="81" ordinal="0" offset="0" sl="175" sc="3" el="175" ec="4" bec="0" bev="0" fileid="2" />
            </Method>
            <Method visited="true" cyclomaticComplexity="1" sequenceCoverage="80" branchCoverage="100" isConstructor="false" isStatic="false" isGetter="false" isSetter="false">
              <Summary numSequencePoints="5" visitedSequencePoints="4" numBranchPoints="1" visitedBranchPoints="1" sequenceCoverage="80" branchCoverage="100" maxCyclomaticComplexity="1" minCyclomaticComplexity="1" />
              <MetadataToken>100663314</MetadataToken>
              <Name>System.Void TheKoans.K030_AboutStrings::YouDoNotNeedConcatenationToInsertVariablesInAString()</Name>
              <FileRef uid="2" />
              <SequencePoints>
                <SequencePoint vc="1" uspid="85" ordinal="0" offset="0" sl="182" sc="3" el="182" ec="4" bec="0" bev="0" fileid="2" />
                <SequencePoint vc="1" uspid="86" ordinal="1" offset="1" sl="183" sc="4" el="183" ec="24" bec="0" bev="0" fileid="2" />
                <SequencePoint vc="1" uspid="87" ordinal="2" offset="7" sl="184" sc="4" el="184" ec="50" bec="0" bev="0" fileid="2" />
                <SequencePoint vc="1" uspid="88" ordinal="3" offset="19" sl="185" sc="4" el="185" ec="95" bec="0" bev="0" fileid="2" />
                <SequencePoint vc="0" uspid="89" ordinal="4" offset="36" sl="186" sc="3" el="186" ec="4" bec="0" bev="0" fileid="2" />
              </SequencePoints>
              <BranchPoints />
              <MethodPoint xsi:type="SequencePoint" vc="1" uspid="85" ordinal="0" offset="0" sl="182" sc="3" el="182" ec="4" bec="0" bev="0" fileid="2" />
            </Method>
            <Method visited="true" cyclomaticComplexity="1" sequenceCoverage="75" branchCoverage="100" isConstructor="false" isStatic="false" isGetter="false" isSetter="false">
              <Summary numSequencePoints="4" visitedSequencePoints="3" numBranchPoints="1" visitedBranchPoints="1" sequenceCoverage="75" branchCoverage="100" maxCyclomaticComplexity="1" minCyclomaticComplexity="1" />
              <MetadataToken>100663315</MetadataToken>
              <Name>System.Void TheKoans.K030_AboutStrings::AnyExpressionCanBeUsedInFormatString()</Name>
              <FileRef uid="2" />
              <SequencePoints>
                <SequencePoint vc="1" uspid="90" ordinal="0" offset="0" sl="190" sc="3" el="190" ec="4" bec="0" bev="0" fileid="2" />
                <SequencePoint vc="1" uspid="91" ordinal="1" offset="1" sl="191" sc="4" el="191" ec="75" bec="0" bev="0" fileid="2" />
                <SequencePoint vc="1" uspid="92" ordinal="2" offset="31" sl="192" sc="4" el="192" ec="119" bec="0" bev="0" fileid="2" />
                <SequencePoint vc="0" uspid="93" ordinal="3" offset="48" sl="193" sc="3" el="193" ec="4" bec="0" bev="0" fileid="2" />
              </SequencePoints>
              <BranchPoints />
              <MethodPoint xsi:type="SequencePoint" vc="1" uspid="90" ordinal="0" offset="0" sl="190" sc="3" el="190" ec="4" bec="0" bev="0" fileid="2" />
            </Method>
            <Method visited="true" cyclomaticComplexity="1" sequenceCoverage="60" branchCoverage="100" isConstructor="false" isStatic="false" isGetter="false" isSetter="false">
              <Summary numSequencePoints="5" visitedSequencePoints="3" numBranchPoints="1" visitedBranchPoints="1" sequenceCoverage="60" branchCoverage="100" maxCyclomaticComplexity="1" minCyclomaticComplexity="1" />
              <MetadataToken>100663316</MetadataToken>
              <Name>System.Void TheKoans.K030_AboutStrings::YouCanGetASubstringFromAString()</Name>
              <FileRef uid="2" />
              <SequencePoints>
                <SequencePoint vc="1" uspid="94" ordinal="0" offset="0" sl="197" sc="3" el="197" ec="4" bec="0" bev="0" fileid="2" />
                <SequencePoint vc="1" uspid="95" ordinal="1" offset="1" sl="198" sc="4" el="198" ec="42" bec="0" bev="0" fileid="2" />
                <SequencePoint vc="1" uspid="96" ordinal="2" offset="7" sl="199" sc="4" el="199" ec="139" bec="0" bev="0" fileid="2" />
                <SequencePoint vc="0" uspid="97" ordinal="3" offset="31" sl="200" sc="4" el="200" ec="112" bec="0" bev="0" fileid="2" />
                <SequencePoint vc="0" uspid="98" ordinal="4" offset="55" sl="201" sc="3" el="201" ec="4" bec="0" bev="0" fileid="2" />
              </SequencePoints>
              <BranchPoints />
              <MethodPoint xsi:type="SequencePoint" vc="1" uspid="94" ordinal="0" offset="0" sl="197" sc="3" el="197" ec="4" bec="0" bev="0" fileid="2" />
            </Method>
            <Method visited="true" cyclomaticComplexity="1" sequenceCoverage="75" branchCoverage="100" isConstructor="false" isStatic="false" isGetter="false" isSetter="false">
              <Summary numSequencePoints="4" visitedSequencePoints="3" numBranchPoints="1" visitedBranchPoints="1" sequenceCoverage="75" branchCoverage="100" maxCyclomaticComplexity="1" minCyclomaticComplexity="1" />
              <MetadataToken>100663317</MetadataToken>
              <Name>System.Void TheKoans.K030_AboutStrings::YouCanGetASingleCharacterFromAString()</Name>
              <FileRef uid="2" />
              <SequencePoints>
                <SequencePoint vc="1" uspid="99" ordinal="0" offset="0" sl="205" sc="3" el="205" ec="4" bec="0" bev="0" fileid="2" />
                <SequencePoint vc="1" uspid="100" ordinal="1" offset="1" sl="206" sc="4" el="206" ec="42" bec="0" bev="0" fileid="2" />
                <SequencePoint vc="1" uspid="101" ordinal="2" offset="7" sl="208" sc="4" el="208" ec="113" bec="0" bev="0" fileid="2" />
                <SequencePoint vc="0" uspid="102" ordinal="3" offset="35" sl="209" sc="3" el="209" ec="4" bec="0" bev="0" fileid="2" />
              </SequencePoints>
              <BranchPoints />
              <MethodPoint xsi:type="SequencePoint" vc="1" uspid="99" ordinal="0" offset="0" sl="205" sc="3" el="205" ec="4" bec="0" bev="0" fileid="2" />
            </Method>
            <Method visited="true" cyclomaticComplexity="1" sequenceCoverage="80" branchCoverage="100" isConstructor="false" isStatic="false" isGetter="false" isSetter="false">
              <Summary numSequencePoints="5" visitedSequencePoints="4" numBranchPoints="1" visitedBranchPoints="1" sequenceCoverage="80" branchCoverage="100" maxCyclomaticComplexity="1" minCyclomaticComplexity="1" />
              <MetadataToken>100663318</MetadataToken>
              <Name>System.Void TheKoans.K030_AboutStrings::SingleCharactersAreRepresentedByIntegers()</Name>
              <FileRef uid="2" />
              <SequencePoints>
                <SequencePoint vc="1" uspid="103" ordinal="0" offset="0" sl="213" sc="3" el="213" ec="4" bec="0" bev="0" fileid="2" />
                <SequencePoint vc="1" uspid="104" ordinal="1" offset="1" sl="214" sc="4" el="214" ec="30" bec="0" bev="0" fileid="2" />
                <SequencePoint vc="1" uspid="105" ordinal="2" offset="11" sl="215" sc="4" el="215" ec="30" bec="0" bev="0" fileid="2" />
                <SequencePoint vc="1" uspid="106" ordinal="3" offset="21" sl="216" sc="4" el="216" ec="97" bec="0" bev="0" fileid="2" />
                <SequencePoint vc="0" uspid="107" ordinal="4" offset="43" sl="217" sc="3" el="217" ec="4" bec="0" bev="0" fileid="2" />
              </SequencePoints>
              <BranchPoints />
              <MethodPoint xsi:type="SequencePoint" vc="1" uspid="103" ordinal="0" offset="0" sl="213" sc="3" el="213" ec="4" bec="0" bev="0" fileid="2" />
            </Method>
            <Method visited="true" cyclomaticComplexity="1" sequenceCoverage="80" branchCoverage="100" isConstructor="false" isStatic="false" isGetter="false" isSetter="false">
              <Summary numSequencePoints="5" visitedSequencePoints="4" numBranchPoints="1" visitedBranchPoints="1" sequenceCoverage="80" branchCoverage="100" maxCyclomaticComplexity="1" minCyclomaticComplexity="1" />
              <MetadataToken>100663319</MetadataToken>
              <Name>System.Void TheKoans.K030_AboutStrings::CanCheckEqualityOfStringsWithAssertButStringCollectionsRequireSomethingDifferent()</Name>
              <FileRef uid="2" />
              <SequencePoints>
                <SequencePoint vc="1" uspid="108" ordinal="0" offset="0" sl="221" sc="3" el="221" ec="4" bec="0" bev="0" fileid="2" />
                <SequencePoint vc="1" uspid="109" ordinal="1" offset="1" sl="222" sc="4" el="222" ec="55" bec="0" bev="0" fileid="2" />
                <SequencePoint vc="1" uspid="110" ordinal="2" offset="34" sl="223" sc="4" el="223" ec="55" bec="0" bev="0" fileid="2" />
                <SequencePoint vc="1" uspid="111" ordinal="3" offset="67" sl="224" sc="4" el="224" ec="121" bec="0" bev="0" fileid="2" />
                <SequencePoint vc="0" uspid="112" ordinal="4" offset="84" sl="225" sc="3" el="225" ec="4" bec="0" bev="0" fileid="2" />
              </SequencePoints>
              <BranchPoints />
              <MethodPoint xsi:type="SequencePoint" vc="1" uspid="108" ordinal="0" offset="0" sl="221" sc="3" el="221" ec="4" bec="0" bev="0" fileid="2" />
            </Method>
            <Method visited="true" cyclomaticComplexity="1" sequenceCoverage="80" branchCoverage="100" isConstructor="false" isStatic="false" isGetter="false" isSetter="false">
              <Summary numSequencePoints="5" visitedSequencePoints="4" numBranchPoints="1" visitedBranchPoints="1" sequenceCoverage="80" branchCoverage="100" maxCyclomaticComplexity="1" minCyclomaticComplexity="1" />
              <MetadataToken>100663320</MetadataToken>
              <Name>System.Void TheKoans.K030_AboutStrings::StringsCanBeSplit()</Name>
              <FileRef uid="2" />
              <SequencePoints>
                <SequencePoint vc="1" uspid="113" ordinal="0" offset="0" sl="229" sc="3" el="229" ec="4" bec="0" bev="0" fileid="2" />
                <SequencePoint vc="1" uspid="114" ordinal="1" offset="1" sl="230" sc="4" el="230" ec="35" bec="0" bev="0" fileid="2" />
                <SequencePoint vc="1" uspid="115" ordinal="2" offset="7" sl="231" sc="4" el="231" ec="34" bec="0" bev="0" fileid="2" />
                <SequencePoint vc="1" uspid="116" ordinal="3" offset="20" sl="233" sc="4" el="233" ec="177" bec="0" bev="0" fileid="2" />
                <SequencePoint vc="0" uspid="117" ordinal="4" offset="48" sl="234" sc="3" el="234" ec="4" bec="0" bev="0" fileid="2" />
              </SequencePoints>
              <BranchPoints />
              <MethodPoint xsi:type="SequencePoint" vc="1" uspid="113" ordinal="0" offset="0" sl="229" sc="3" el="229" ec="4" bec="0" bev="0" fileid="2" />
            </Method>
            <Method visited="true" cyclomaticComplexity="1" sequenceCoverage="80" branchCoverage="100" isConstructor="false" isStatic="false" isGetter="false" isSetter="false">
              <Summary numSequencePoints="5" visitedSequencePoints="4" numBranchPoints="1" visitedBranchPoints="1" sequenceCoverage="80" branchCoverage="100" maxCyclomaticComplexity="1" minCyclomaticComplexity="1" />
              <MetadataToken>100663321</MetadataToken>
              <Name>System.Void TheKoans.K030_AboutStrings::StringsCanBeSplitUsingCharacters()</Name>
              <FileRef uid="2" />
              <SequencePoints>
                <SequencePoint vc="1" uspid="118" ordinal="0" offset="0" sl="238" sc="3" el="238" ec="4" bec="0" bev="0" fileid="2" />
                <SequencePoint vc="1" uspid="119" ordinal="1" offset="1" sl="239" sc="4" el="239" ec="46" bec="0" bev="0" fileid="2" />
                <SequencePoint vc="1" uspid="120" ordinal="2" offset="7" sl="240" sc="4" el="240" ec="37" bec="0" bev="0" fileid="2" />
                <SequencePoint vc="1" uspid="121" ordinal="3" offset="27" sl="241" sc="4" el="241" ec="104" bec="0" bev="0" fileid="2" />
                <SequencePoint vc="0" uspid="122" ordinal="4" offset="55" sl="242" sc="3" el="242" ec="4" bec="0" bev="0" fileid="2" />
              </SequencePoints>
              <BranchPoints />
              <MethodPoint xsi:type="SequencePoint" vc="1" uspid="118" ordinal="0" offset="0" sl="238" sc="3" el="238" ec="4" bec="0" bev="0" fileid="2" />
            </Method>
            <Method visited="true" cyclomaticComplexity="1" sequenceCoverage="83.33" branchCoverage="100" isConstructor="false" isStatic="false" isGetter="false" isSetter="false">
              <Summary numSequencePoints="6" visitedSequencePoints="5" numBranchPoints="1" visitedBranchPoints="1" sequenceCoverage="83.33" branchCoverage="100" maxCyclomaticComplexity="1" minCyclomaticComplexity="1" />
              <MetadataToken>100663322</MetadataToken>
              <Name>System.Void TheKoans.K030_AboutStrings::StringsCanBeSplitUsingRegularExpressions()</Name>
              <FileRef uid="2" />
              <SequencePoints>
                <SequencePoint vc="1" uspid="123" ordinal="0" offset="0" sl="246" sc="3" el="246" ec="4" bec="0" bev="0" fileid="2" />
                <SequencePoint vc="1" uspid="124" ordinal="1" offset="1" sl="247" sc="4" el="247" ec="34" bec="0" bev="0" fileid="2" />
                <SequencePoint vc="1" uspid="125" ordinal="2" offset="7" sl="248" sc="4" el="248" ec="63" bec="0" bev="0" fileid="2" />
                <SequencePoint vc="1" uspid="126" ordinal="3" offset="18" sl="249" sc="4" el="249" ec="39" bec="0" bev="0" fileid="2" />
                <SequencePoint vc="1" uspid="127" ordinal="4" offset="26" sl="250" sc="4" el="250" ec="145" bec="0" bev="0" fileid="2" />
                <SequencePoint vc="0" uspid="128" ordinal="5" offset="54" sl="256" sc="3" el="256" ec="4" bec="0" bev="0" fileid="2" />
              </SequencePoints>
              <BranchPoints />
              <MethodPoint xsi:type="SequencePoint" vc="1" uspid="123" ordinal="0" offset="0" sl="246" sc="3" el="246" ec="4" bec="0" bev="0" fileid="2" />
            </Method>
            <Method visited="true" cyclomaticComplexity="1" sequenceCoverage="90" branchCoverage="100" isConstructor="false" isStatic="false" isGetter="false" isSetter="false">
              <Summary numSequencePoints="10" visitedSequencePoints="9" numBranchPoints="1" visitedBranchPoints="1" sequenceCoverage="90" branchCoverage="100" maxCyclomaticComplexity="1" minCyclomaticComplexity="1" />
              <MetadataToken>100663323</MetadataToken>
              <Name>System.Void TheKoans.K030_AboutStrings::UnderstandingThePerformanceOfCheckingForEmptyStrings()</Name>
              <FileRef uid="2" />
              <SequencePoints>
                <SequencePoint vc="1" uspid="129" ordinal="0" offset="0" sl="260" sc="3" el="260" ec="4" bec="0" bev="0" fileid="2" />
                <SequencePoint vc="1" uspid="130" ordinal="1" offset="1" sl="261" sc="4" el="261" ec="17" bec="0" bev="0" fileid="2" />
                <SequencePoint vc="1" uspid="131" ordinal="2" offset="7" sl="263" sc="4" el="263" ec="36" bec="0" bev="0" fileid="2" />
                <SequencePoint vc="1" uspid="132" ordinal="3" offset="24" sl="264" sc="4" el="264" ec="44" bec="0" bev="0" fileid="2" />
                <SequencePoint vc="1" uspid="133" ordinal="4" offset="41" sl="265" sc="4" el="265" ec="30" bec="0" bev="0" fileid="2" />
                <SequencePoint vc="1" uspid="134" ordinal="5" offset="58" sl="266" sc="4" el="266" ec="52" bec="0" bev="0" fileid="2" />
                <SequencePoint vc="1" uspid="135" ordinal="6" offset="70" sl="267" sc="4" el="267" ec="47" bec="0" bev="0" fileid="2" />
                <SequencePoint vc="1" uspid="136" ordinal="7" offset="82" sl="268" sc="4" el="268" ec="36" bec="0" bev="0" fileid="2" />
                <SequencePoint vc="1" uspid="137" ordinal="8" offset="97" sl="276" sc="4" el="276" ec="110" bec="0" bev="0" fileid="2" />
                <SequencePoint vc="0" uspid="138" ordinal="9" offset="119" sl="277" sc="3" el="277" ec="4" bec="0" bev="0" fileid="2" />
              </SequencePoints>
              <BranchPoints />
              <MethodPoint xsi:type="SequencePoint" vc="1" uspid="129" ordinal="0" offset="0" sl="260" sc="3" el="260" ec="4" bec="0" bev="0" fileid="2" />
            </Method>
            <Method visited="true" cyclomaticComplexity="1" sequenceCoverage="80" branchCoverage="100" isConstructor="false" isStatic="false" isGetter="false" isSetter="false">
              <Summary numSequencePoints="5" visitedSequencePoints="4" numBranchPoints="1" visitedBranchPoints="1" sequenceCoverage="80" branchCoverage="100" maxCyclomaticComplexity="1" minCyclomaticComplexity="1" />
              <MetadataToken>100663324</MetadataToken>
              <Name>System.Void TheKoans.K030_AboutStrings::CaseMattersWhenComparingStrings()</Name>
              <FileRef uid="2" />
              <SequencePoints>
                <SequencePoint vc="1" uspid="139" ordinal="0" offset="0" sl="281" sc="3" el="281" ec="4" bec="0" bev="0" fileid="2" />
                <SequencePoint vc="1" uspid="140" ordinal="1" offset="1" sl="282" sc="4" el="282" ec="47" bec="0" bev="0" fileid="2" />
                <SequencePoint vc="1" uspid="141" ordinal="2" offset="7" sl="283" sc="4" el="283" ec="46" bec="0" bev="0" fileid="2" />
                <SequencePoint vc="1" uspid="142" ordinal="3" offset="13" sl="284" sc="4" el="284" ec="109" bec="0" bev="0" fileid="2" />
                <SequencePoint vc="0" uspid="143" ordinal="4" offset="41" sl="285" sc="3" el="285" ec="4" bec="0" bev="0" fileid="2" />
              </SequencePoints>
              <BranchPoints />
              <MethodPoint xsi:type="SequencePoint" vc="1" uspid="139" ordinal="0" offset="0" sl="281" sc="3" el="281" ec="4" bec="0" bev="0" fileid="2" />
            </Method>
            <Method visited="true" cyclomaticComplexity="1" sequenceCoverage="80" branchCoverage="100" isConstructor="false" isStatic="false" isGetter="false" isSetter="false">
              <Summary numSequencePoints="5" visitedSequencePoints="4" numBranchPoints="1" visitedBranchPoints="1" sequenceCoverage="80" branchCoverage="100" maxCyclomaticComplexity="1" minCyclomaticComplexity="1" />
              <MetadataToken>100663325</MetadataToken>
              <Name>System.Void TheKoans.K030_AboutStrings::ConvertTheCaseToMakeComparisonSoThatCaseDoesNotMatter()</Name>
              <FileRef uid="2" />
              <SequencePoints>
                <SequencePoint vc="1" uspid="144" ordinal="0" offset="0" sl="289" sc="3" el="289" ec="4" bec="0" bev="0" fileid="2" />
                <SequencePoint vc="1" uspid="145" ordinal="1" offset="1" sl="290" sc="4" el="290" ec="47" bec="0" bev="0" fileid="2" />
                <SequencePoint vc="1" uspid="146" ordinal="2" offset="7" sl="291" sc="4" el="291" ec="46" bec="0" bev="0" fileid="2" />
                <SequencePoint vc="1" uspid="147" ordinal="3" offset="13" sl="295" sc="4" el="295" ec="139" bec="0" bev="0" fileid="2" />
                <SequencePoint vc="0" uspid="148" ordinal="4" offset="30" sl="296" sc="3" el="296" ec="4" bec="0" bev="0" fileid="2" />
              </SequencePoints>
              <BranchPoints />
              <MethodPoint xsi:type="SequencePoint" vc="1" uspid="144" ordinal="0" offset="0" sl="289" sc="3" el="289" ec="4" bec="0" bev="0" fileid="2" />
            </Method>
            <Method visited="true" cyclomaticComplexity="1" sequenceCoverage="80" branchCoverage="100" isConstructor="false" isStatic="false" isGetter="false" isSetter="false">
              <Summary numSequencePoints="5" visitedSequencePoints="4" numBranchPoints="1" visitedBranchPoints="1" sequenceCoverage="80" branchCoverage="100" maxCyclomaticComplexity="1" minCyclomaticComplexity="1" />
              <MetadataToken>100663326</MetadataToken>
              <Name>System.Void TheKoans.K030_AboutStrings::OrUseThisToCompareStringsUsingCaseInsensitivity()</Name>
              <FileRef uid="2" />
              <SequencePoints>
                <SequencePoint vc="1" uspid="149" ordinal="0" offset="0" sl="300" sc="3" el="300" ec="4" bec="0" bev="0" fileid="2" />
                <SequencePoint vc="1" uspid="150" ordinal="1" offset="1" sl="301" sc="4" el="301" ec="47" bec="0" bev="0" fileid="2" />
                <SequencePoint vc="1" uspid="151" ordinal="2" offset="7" sl="302" sc="4" el="302" ec="46" bec="0" bev="0" fileid="2" />
                <SequencePoint vc="1" uspid="152" ordinal="3" offset="13" sl="304" sc="4" el="304" ec="147" bec="0" bev="0" fileid="2" />
                <SequencePoint vc="0" uspid="153" ordinal="4" offset="42" sl="308" sc="3" el="308" ec="4" bec="0" bev="0" fileid="2" />
              </SequencePoints>
              <BranchPoints />
              <MethodPoint xsi:type="SequencePoint" vc="1" uspid="149" ordinal="0" offset="0" sl="300" sc="3" el="300" ec="4" bec="0" bev="0" fileid="2" />
            </Method>
            <Method visited="true" cyclomaticComplexity="1" sequenceCoverage="75" branchCoverage="100" isConstructor="false" isStatic="false" isGetter="false" isSetter="false">
              <Summary numSequencePoints="4" visitedSequencePoints="3" numBranchPoints="1" visitedBranchPoints="1" sequenceCoverage="75" branchCoverage="100" maxCyclomaticComplexity="1" minCyclomaticComplexity="1" />
              <MetadataToken>100663327</MetadataToken>
              <Name>System.Void TheKoans.K030_AboutStrings::InsertingStrings()</Name>
              <FileRef uid="2" />
              <SequencePoints>
                <SequencePoint vc="1" uspid="154" ordinal="0" offset="0" sl="312" sc="3" el="312" ec="4" bec="0" bev="0" fileid="2" />
                <SequencePoint vc="1" uspid="155" ordinal="1" offset="1" sl="313" sc="4" el="313" ec="27" bec="0" bev="0" fileid="2" />
                <SequencePoint vc="1" uspid="156" ordinal="2" offset="7" sl="314" sc="4" el="314" ec="183" bec="0" bev="0" fileid="2" />
                <SequencePoint vc="0" uspid="157" ordinal="3" offset="35" sl="319" sc="3" el="319" ec="4" bec="0" bev="0" fileid="2" />
              </SequencePoints>
              <BranchPoints />
              <MethodPoint xsi:type="SequencePoint" vc="1" uspid="154" ordinal="0" offset="0" sl="312" sc="3" el="312" ec="4" bec="0" bev="0" fileid="2" />
            </Method>
            <Method visited="true" cyclomaticComplexity="1" sequenceCoverage="80" branchCoverage="100" isConstructor="false" isStatic="false" isGetter="false" isSetter="false">
              <Summary numSequencePoints="5" visitedSequencePoints="4" numBranchPoints="1" visitedBranchPoints="1" sequenceCoverage="80" branchCoverage="100" maxCyclomaticComplexity="1" minCyclomaticComplexity="1" />
              <MetadataToken>100663328</MetadataToken>
              <Name>System.Void TheKoans.K030_AboutStrings::CallingInsertDoesNotAssignUnlessYouExplicitlySaveTheResult()</Name>
              <FileRef uid="2" />
              <SequencePoints>
                <SequencePoint vc="1" uspid="158" ordinal="0" offset="0" sl="323" sc="3" el="323" ec="4" bec="0" bev="0" fileid="2" />
                <SequencePoint vc="1" uspid="159" ordinal="1" offset="1" sl="324" sc="4" el="324" ec="27" bec="0" bev="0" fileid="2" />
                <SequencePoint vc="1" uspid="160" ordinal="2" offset="7" sl="325" sc="4" el="325" ec="36" bec="0" bev="0" fileid="2" />
                <SequencePoint vc="1" uspid="161" ordinal="3" offset="20" sl="326" sc="4" el="326" ec="169" bec="0" bev="0" fileid="2" />
                <SequencePoint vc="0" uspid="162" ordinal="4" offset="37" sl="327" sc="3" el="327" ec="4" bec="0" bev="0" fileid="2" />
              </SequencePoints>
              <BranchPoints />
              <MethodPoint xsi:type="SequencePoint" vc="1" uspid="158" ordinal="0" offset="0" sl="323" sc="3" el="323" ec="4" bec="0" bev="0" fileid="2" />
            </Method>
            <Method visited="true" cyclomaticComplexity="1" sequenceCoverage="80" branchCoverage="100" isConstructor="false" isStatic="false" isGetter="false" isSetter="false">
              <Summary numSequencePoints="5" visitedSequencePoints="4" numBranchPoints="1" visitedBranchPoints="1" sequenceCoverage="80" branchCoverage="100" maxCyclomaticComplexity="1" minCyclomaticComplexity="1" />
              <MetadataToken>100663329</MetadataToken>
              <Name>System.Void TheKoans.K030_AboutStrings::RemovingStrings()</Name>
              <FileRef uid="2" />
              <SequencePoints>
                <SequencePoint vc="1" uspid="163" ordinal="0" offset="0" sl="331" sc="3" el="331" ec="4" bec="0" bev="0" fileid="2" />
                <SequencePoint vc="1" uspid="164" ordinal="1" offset="1" sl="332" sc="4" el="332" ec="24" bec="0" bev="0" fileid="2" />
                <SequencePoint vc="1" uspid="165" ordinal="2" offset="7" sl="333" sc="4" el="333" ec="28" bec="0" bev="0" fileid="2" />
                <SequencePoint vc="1" uspid="166" ordinal="3" offset="16" sl="334" sc="4" el="334" ec="138" bec="0" bev="0" fileid="2" />
                <SequencePoint vc="0" uspid="167" ordinal="4" offset="33" sl="335" sc="3" el="335" ec="4" bec="0" bev="0" fileid="2" />
              </SequencePoints>
              <BranchPoints />
              <MethodPoint xsi:type="SequencePoint" vc="1" uspid="163" ordinal="0" offset="0" sl="331" sc="3" el="331" ec="4" bec="0" bev="0" fileid="2" />
            </Method>
            <Method visited="true" cyclomaticComplexity="1" sequenceCoverage="75" branchCoverage="100" isConstructor="false" isStatic="false" isGetter="false" isSetter="false">
              <Summary numSequencePoints="4" visitedSequencePoints="3" numBranchPoints="1" visitedBranchPoints="1" sequenceCoverage="75" branchCoverage="100" maxCyclomaticComplexity="1" minCyclomaticComplexity="1" />
              <MetadataToken>100663330</MetadataToken>
              <Name>System.Void TheKoans.K030_AboutStrings::UnderstandingTrim()</Name>
              <FileRef uid="2" />
              <SequencePoints>
                <SequencePoint vc="1" uspid="168" ordinal="0" offset="0" sl="339" sc="3" el="339" ec="4" bec="0" bev="0" fileid="2" />
                <SequencePoint vc="1" uspid="169" ordinal="1" offset="1" sl="340" sc="4" el="340" ec="49" bec="0" bev="0" fileid="2" />
                <SequencePoint vc="1" uspid="170" ordinal="2" offset="7" sl="341" sc="4" el="341" ec="201" bec="0" bev="0" fileid="2" />
                <SequencePoint vc="0" uspid="171" ordinal="3" offset="29" sl="342" sc="3" el="342" ec="4" bec="0" bev="0" fileid="2" />
              </SequencePoints>
              <BranchPoints />
              <MethodPoint xsi:type="SequencePoint" vc="1" uspid="168" ordinal="0" offset="0" sl="339" sc="3" el="339" ec="4" bec="0" bev="0" fileid="2" />
            </Method>
            <Method visited="true" cyclomaticComplexity="1" sequenceCoverage="75" branchCoverage="100" isConstructor="false" isStatic="false" isGetter="false" isSetter="false">
              <Summary numSequencePoints="4" visitedSequencePoints="3" numBranchPoints="1" visitedBranchPoints="1" sequenceCoverage="75" branchCoverage="100" maxCyclomaticComplexity="1" minCyclomaticComplexity="1" />
              <MetadataToken>100663331</MetadataToken>
              <Name>System.Void TheKoans.K030_AboutStrings::UnderstandingTrimStart()</Name>
              <FileRef uid="2" />
              <SequencePoints>
                <SequencePoint vc="1" uspid="172" ordinal="0" offset="0" sl="346" sc="3" el="346" ec="4" bec="0" bev="0" fileid="2" />
                <SequencePoint vc="1" uspid="173" ordinal="1" offset="1" sl="347" sc="4" el="347" ec="49" bec="0" bev="0" fileid="2" />
                <SequencePoint vc="1" uspid="174" ordinal="2" offset="7" sl="348" sc="4" el="348" ec="137" bec="0" bev="0" fileid="2" />
                <SequencePoint vc="0" uspid="175" ordinal="3" offset="35" sl="349" sc="3" el="349" ec="4" bec="0" bev="0" fileid="2" />
              </SequencePoints>
              <BranchPoints />
              <MethodPoint xsi:type="SequencePoint" vc="1" uspid="172" ordinal="0" offset="0" sl="346" sc="3" el="346" ec="4" bec="0" bev="0" fileid="2" />
            </Method>
            <Method visited="true" cyclomaticComplexity="1" sequenceCoverage="75" branchCoverage="100" isConstructor="false" isStatic="false" isGetter="false" isSetter="false">
              <Summary numSequencePoints="4" visitedSequencePoints="3" numBranchPoints="1" visitedBranchPoints="1" sequenceCoverage="75" branchCoverage="100" maxCyclomaticComplexity="1" minCyclomaticComplexity="1" />
              <MetadataToken>100663332</MetadataToken>
              <Name>System.Void TheKoans.K030_AboutStrings::UnderstandingTrimEnd()</Name>
              <FileRef uid="2" />
              <SequencePoints>
                <SequencePoint vc="1" uspid="176" ordinal="0" offset="0" sl="353" sc="3" el="353" ec="4" bec="0" bev="0" fileid="2" />
                <SequencePoint vc="1" uspid="177" ordinal="1" offset="1" sl="354" sc="4" el="354" ec="49" bec="0" bev="0" fileid="2" />
                <SequencePoint vc="1" uspid="178" ordinal="2" offset="7" sl="355" sc="4" el="355" ec="222" bec="0" bev="0" fileid="2" />
                <SequencePoint vc="0" uspid="179" ordinal="3" offset="35" sl="356" sc="3" el="356" ec="4" bec="0" bev="0" fileid="2" />
              </SequencePoints>
              <BranchPoints />
              <MethodPoint xsi:type="SequencePoint" vc="1" uspid="176" ordinal="0" offset="0" sl="353" sc="3" el="353" ec="4" bec="0" bev="0" fileid="2" />
            </Method>
            <Method visited="true" cyclomaticComplexity="1" sequenceCoverage="0" branchCoverage="0" isConstructor="true" isStatic="false" isGetter="false" isSetter="false">
              <Summary numSequencePoints="0" visitedSequencePoints="0" numBranchPoints="0" visitedBranchPoints="0" sequenceCoverage="0" branchCoverage="0" maxCyclomaticComplexity="1" minCyclomaticComplexity="1" />
              <MetadataToken>100663333</MetadataToken>
              <Name>System.Void TheKoans.K030_AboutStrings::.ctor()</Name>
              <SequencePoints />
              <BranchPoints />
              <MethodPoint vc="1" uspid="180" ordinal="0" offset="0" />
            </Method>
          </Methods>
        </Class>
        <Class>
          <Summary numSequencePoints="40" visitedSequencePoints="30" numBranchPoints="7" visitedBranchPoints="7" sequenceCoverage="75" branchCoverage="100" maxCyclomaticComplexity="1" minCyclomaticComplexity="1" />
          <FullName>TheKoans.K020_AboutVariables</FullName>
          <Methods>
            <Method visited="true" cyclomaticComplexity="1" sequenceCoverage="75" branchCoverage="100" isConstructor="false" isStatic="false" isGetter="false" isSetter="false">
              <Summary numSequencePoints="4" visitedSequencePoints="3" numBranchPoints="1" visitedBranchPoints="1" sequenceCoverage="75" branchCoverage="100" maxCyclomaticComplexity="1" minCyclomaticComplexity="1" />
              <MetadataToken>100663334</MetadataToken>
              <Name>System.Void TheKoans.K020_AboutVariables::ImplicitAssignment()</Name>
              <FileRef uid="3" />
              <SequencePoints>
                <SequencePoint vc="1" uspid="181" ordinal="0" offset="0" sl="16" sc="3" el="16" ec="4" bec="0" bev="0" fileid="3" />
                <SequencePoint vc="1" uspid="182" ordinal="1" offset="1" sl="19" sc="4" el="19" ec="22" bec="0" bev="0" fileid="3" />
                <SequencePoint vc="1" uspid="183" ordinal="2" offset="7" sl="20" sc="4" el="20" ec="134" bec="0" bev="0" fileid="3" />
                <SequencePoint vc="0" uspid="184" ordinal="3" offset="34" sl="29" sc="3" el="29" ec="4" bec="0" bev="0" fileid="3" />
              </SequencePoints>
              <BranchPoints />
              <MethodPoint xsi:type="SequencePoint" vc="1" uspid="181" ordinal="0" offset="0" sl="16" sc="3" el="16" ec="4" bec="0" bev="0" fileid="3" />
            </Method>
            <Method visited="true" cyclomaticComplexity="1" sequenceCoverage="75" branchCoverage="100" isConstructor="false" isStatic="false" isGetter="false" isSetter="false">
              <Summary numSequencePoints="4" visitedSequencePoints="3" numBranchPoints="1" visitedBranchPoints="1" sequenceCoverage="75" branchCoverage="100" maxCyclomaticComplexity="1" minCyclomaticComplexity="1" />
              <MetadataToken>100663335</MetadataToken>
              <Name>System.Void TheKoans.K020_AboutVariables::ImplicitArrayAssignmentWithSameTypes()</Name>
              <FileRef uid="3" />
              <SequencePoints>
                <SequencePoint vc="1" uspid="185" ordinal="0" offset="0" sl="33" sc="3" el="33" ec="4" bec="0" bev="0" fileid="3" />
                <SequencePoint vc="1" uspid="186" ordinal="1" offset="1" sl="36" sc="4" el="36" ec="42" bec="0" bev="0" fileid="3" />
                <SequencePoint vc="1" uspid="187" ordinal="2" offset="26" sl="37" sc="4" el="37" ec="126" bec="0" bev="0" fileid="3" />
                <SequencePoint vc="0" uspid="188" ordinal="3" offset="53" sl="42" sc="3" el="42" ec="4" bec="0" bev="0" fileid="3" />
              </SequencePoints>
              <BranchPoints />
              <MethodPoint xsi:type="SequencePoint" vc="1" uspid="185" ordinal="0" offset="0" sl="33" sc="3" el="33" ec="4" bec="0" bev="0" fileid="3" />
            </Method>
            <Method visited="true" cyclomaticComplexity="1" sequenceCoverage="66.67" branchCoverage="100" isConstructor="false" isStatic="false" isGetter="false" isSetter="false">
              <Summary numSequencePoints="6" visitedSequencePoints="4" numBranchPoints="1" visitedBranchPoints="1" sequenceCoverage="66.67" branchCoverage="100" maxCyclomaticComplexity="1" minCyclomaticComplexity="1" />
              <MetadataToken>100663336</MetadataToken>
              <Name>System.Void TheKoans.K020_AboutVariables::MultipleAssignmentsOnSingleLine()</Name>
              <FileRef uid="3" />
              <SequencePoints>
                <SequencePoint vc="1" uspid="189" ordinal="0" offset="0" sl="46" sc="3" el="46" ec="4" bec="0" bev="0" fileid="3" />
                <SequencePoint vc="1" uspid="190" ordinal="1" offset="1" sl="49" sc="4" el="49" ec="30" bec="0" bev="0" fileid="3" />
                <SequencePoint vc="1" uspid="191" ordinal="2" offset="7" sl="49" sc="31" el="49" ec="50" bec="0" bev="0" fileid="3" />
                <SequencePoint vc="1" uspid="192" ordinal="3" offset="13" sl="53" sc="4" el="53" ec="101" bec="0" bev="0" fileid="3" />
                <SequencePoint vc="0" uspid="193" ordinal="4" offset="30" sl="54" sc="4" el="54" ec="144" bec="0" bev="0" fileid="3" />
                <SequencePoint vc="0" uspid="194" ordinal="5" offset="47" sl="55" sc="3" el="55" ec="4" bec="0" bev="0" fileid="3" />
              </SequencePoints>
              <BranchPoints />
              <MethodPoint xsi:type="SequencePoint" vc="1" uspid="189" ordinal="0" offset="0" sl="46" sc="3" el="46" ec="4" bec="0" bev="0" fileid="3" />
            </Method>
            <Method visited="true" cyclomaticComplexity="1" sequenceCoverage="80" branchCoverage="100" isConstructor="false" isStatic="false" isGetter="false" isSetter="false">
              <Summary numSequencePoints="5" visitedSequencePoints="4" numBranchPoints="1" visitedBranchPoints="1" sequenceCoverage="80" branchCoverage="100" maxCyclomaticComplexity="1" minCyclomaticComplexity="1" />
              <MetadataToken>100663337</MetadataToken>
              <Name>System.Void TheKoans.K020_AboutVariables::ImplicitAssignmentBasedOnAnotherVariable()</Name>
              <FileRef uid="3" />
              <SequencePoints>
                <SequencePoint vc="1" uspid="195" ordinal="0" offset="0" sl="59" sc="3" el="59" ec="4" bec="0" bev="0" fileid="3" />
                <SequencePoint vc="1" uspid="196" ordinal="1" offset="1" sl="60" sc="4" el="60" ec="28" bec="0" bev="0" fileid="3" />
                <SequencePoint vc="1" uspid="197" ordinal="2" offset="8" sl="61" sc="4" el="61" ec="27" bec="0" bev="0" fileid="3" />
                <SequencePoint vc="1" uspid="198" ordinal="3" offset="10" sl="62" sc="4" el="62" ec="176" bec="0" bev="0" fileid="3" />
                <SequencePoint vc="0" uspid="199" ordinal="4" offset="42" sl="69" sc="3" el="69" ec="4" bec="0" bev="0" fileid="3" />
              </SequencePoints>
              <BranchPoints />
              <MethodPoint xsi:type="SequencePoint" vc="1" uspid="195" ordinal="0" offset="0" sl="59" sc="3" el="59" ec="4" bec="0" bev="0" fileid="3" />
            </Method>
            <Method visited="true" cyclomaticComplexity="1" sequenceCoverage="83.33" branchCoverage="100" isConstructor="false" isStatic="false" isGetter="false" isSetter="false">
              <Summary numSequencePoints="6" visitedSequencePoints="5" numBranchPoints="1" visitedBranchPoints="1" sequenceCoverage="83.33" branchCoverage="100" maxCyclomaticComplexity="1" minCyclomaticComplexity="1" />
              <MetadataToken>100663338</MetadataToken>
              <Name>System.Void TheKoans.K020_AboutVariables::ImplicitAssignmentBasedOnExpressionResults()</Name>
              <FileRef uid="3" />
              <SequencePoints>
                <SequencePoint vc="1" uspid="200" ordinal="0" offset="0" sl="73" sc="3" el="73" ec="4" bec="0" bev="0" fileid="3" />
                <SequencePoint vc="1" uspid="201" ordinal="1" offset="1" sl="74" sc="4" el="74" ec="24" bec="0" bev="0" fileid="3" />
                <SequencePoint vc="1" uspid="202" ordinal="2" offset="7" sl="75" sc="4" el="75" ec="30" bec="0" bev="0" fileid="3" />
                <SequencePoint vc="1" uspid="203" ordinal="3" offset="14" sl="76" sc="4" el="76" ec="42" bec="0" bev="0" fileid="3" />
                <SequencePoint vc="1" uspid="204" ordinal="4" offset="19" sl="78" sc="4" el="78" ec="124" bec="0" bev="0" fileid="3" />
                <SequencePoint vc="0" uspid="205" ordinal="5" offset="51" sl="79" sc="3" el="79" ec="4" bec="0" bev="0" fileid="3" />
              </SequencePoints>
              <BranchPoints />
              <MethodPoint xsi:type="SequencePoint" vc="1" uspid="200" ordinal="0" offset="0" sl="73" sc="3" el="73" ec="4" bec="0" bev="0" fileid="3" />
            </Method>
            <Method visited="true" cyclomaticComplexity="1" sequenceCoverage="66.67" branchCoverage="100" isConstructor="false" isStatic="false" isGetter="false" isSetter="false">
              <Summary numSequencePoints="6" visitedSequencePoints="4" numBranchPoints="1" visitedBranchPoints="1" sequenceCoverage="66.67" branchCoverage="100" maxCyclomaticComplexity="1" minCyclomaticComplexity="1" />
              <MetadataToken>100663339</MetadataToken>
              <Name>System.Void TheKoans.K020_AboutVariables::ExplicitAssignmentByCasting()</Name>
              <FileRef uid="3" />
              <SequencePoints>
                <SequencePoint vc="1" uspid="206" ordinal="0" offset="0" sl="83" sc="3" el="83" ec="4" bec="0" bev="0" fileid="3" />
                <SequencePoint vc="1" uspid="207" ordinal="1" offset="1" sl="88" sc="4" el="88" ec="30" bec="0" bev="0" fileid="3" />
                <SequencePoint vc="1" uspid="208" ordinal="2" offset="8" sl="93" sc="4" el="93" ec="39" bec="0" bev="0" fileid="3" />
                <SequencePoint vc="1" uspid="209" ordinal="3" offset="11" sl="95" sc="4" el="95" ec="155" bec="0" bev="0" fileid="3" />
                <SequencePoint vc="0" uspid="210" ordinal="4" offset="43" sl="96" sc="4" el="96" ec="159" bec="0" bev="0" fileid="3" />
                <SequencePoint vc="0" uspid="211" ordinal="5" offset="65" sl="97" sc="3" el="97" ec="4" bec="0" bev="0" fileid="3" />
              </SequencePoints>
              <BranchPoints />
              <MethodPoint xsi:type="SequencePoint" vc="1" uspid="206" ordinal="0" offset="0" sl="83" sc="3" el="83" ec="4" bec="0" bev="0" fileid="3" />
            </Method>
            <Method visited="true" cyclomaticComplexity="1" sequenceCoverage="77.78" branchCoverage="100" isConstructor="false" isStatic="false" isGetter="false" isSetter="false">
              <Summary numSequencePoints="9" visitedSequencePoints="7" numBranchPoints="1" visitedBranchPoints="1" sequenceCoverage="77.78" branchCoverage="100" maxCyclomaticComplexity="1" minCyclomaticComplexity="1" />
              <MetadataToken>100663340</MetadataToken>
              <Name>System.Void TheKoans.K020_AboutVariables::ImplicitConversionUsingImplicitKeyword()</Name>
              <FileRef uid="3" />
              <SequencePoints>
                <SequencePoint vc="1" uspid="212" ordinal="0" offset="0" sl="124" sc="3" el="124" ec="4" bec="0" bev="0" fileid="3" />
                <SequencePoint vc="1" uspid="213" ordinal="1" offset="1" sl="125" sc="4" el="125" ec="45" bec="0" bev="0" fileid="3" />
                <SequencePoint vc="1" uspid="214" ordinal="2" offset="9" sl="128" sc="4" el="128" ec="36" bec="0" bev="0" fileid="3" />
                <SequencePoint vc="1" uspid="215" ordinal="3" offset="16" sl="130" sc="4" el="130" ec="47" bec="0" bev="0" fileid="3" />
                <SequencePoint vc="1" uspid="216" ordinal="4" offset="23" sl="132" sc="4" el="132" ec="48" bec="0" bev="0" fileid="3" />
                <SequencePoint vc="1" uspid="217" ordinal="5" offset="32" sl="133" sc="4" el="133" ec="53" bec="0" bev="0" fileid="3" />
                <SequencePoint vc="1" uspid="218" ordinal="6" offset="42" sl="135" sc="4" el="135" ec="162" bec="0" bev="0" fileid="3" />
                <SequencePoint vc="0" uspid="219" ordinal="7" offset="74" sl="136" sc="4" el="136" ec="165" bec="0" bev="0" fileid="3" />
                <SequencePoint vc="0" uspid="220" ordinal="8" offset="107" sl="137" sc="3" el="137" ec="4" bec="0" bev="0" fileid="3" />
              </SequencePoints>
              <BranchPoints />
              <MethodPoint xsi:type="SequencePoint" vc="1" uspid="212" ordinal="0" offset="0" sl="124" sc="3" el="124" ec="4" bec="0" bev="0" fileid="3" />
            </Method>
            <Method visited="true" cyclomaticComplexity="1" sequenceCoverage="0" branchCoverage="0" isConstructor="true" isStatic="false" isGetter="false" isSetter="false">
              <Summary numSequencePoints="0" visitedSequencePoints="0" numBranchPoints="0" visitedBranchPoints="0" sequenceCoverage="0" branchCoverage="0" maxCyclomaticComplexity="1" minCyclomaticComplexity="1" />
              <MetadataToken>100663341</MetadataToken>
              <Name>System.Void TheKoans.K020_AboutVariables::.ctor()</Name>
              <SequencePoints />
              <BranchPoints />
              <MethodPoint vc="1" uspid="221" ordinal="0" offset="0" />
            </Method>
          </Methods>
        </Class>
        <Class>
          <Summary numSequencePoints="10" visitedSequencePoints="10" numBranchPoints="3" visitedBranchPoints="3" sequenceCoverage="100" branchCoverage="100" maxCyclomaticComplexity="1" minCyclomaticComplexity="1" />
          <FullName>TheKoans.K020_AboutVariables/SpecialInt</FullName>
          <Methods>
            <Method visited="true" cyclomaticComplexity="1" sequenceCoverage="100" branchCoverage="100" isConstructor="true" isStatic="false" isGetter="false" isSetter="false">
              <Summary numSequencePoints="4" visitedSequencePoints="4" numBranchPoints="1" visitedBranchPoints="1" sequenceCoverage="100" branchCoverage="100" maxCyclomaticComplexity="1" minCyclomaticComplexity="1" />
              <MetadataToken>100663342</MetadataToken>
              <Name>System.Void TheKoans.K020_AboutVariables/SpecialInt::.ctor(System.Int32)</Name>
              <FileRef uid="3" />
              <SequencePoints>
                <SequencePoint vc="2" uspid="222" ordinal="0" offset="0" sl="104" sc="4" el="104" ec="29" bec="0" bev="0" fileid="3" />
                <SequencePoint vc="2" uspid="223" ordinal="1" offset="7" sl="105" sc="4" el="105" ec="5" bec="0" bev="0" fileid="3" />
                <SequencePoint vc="2" uspid="224" ordinal="2" offset="8" sl="106" sc="5" el="106" ec="13" bec="0" bev="0" fileid="3" />
                <SequencePoint vc="2" uspid="225" ordinal="3" offset="15" sl="107" sc="4" el="107" ec="5" bec="0" bev="0" fileid="3" />
              </SequencePoints>
              <BranchPoints />
              <MethodPoint xsi:type="SequencePoint" vc="2" uspid="222" ordinal="0" offset="0" sl="104" sc="4" el="104" ec="29" bec="0" bev="0" fileid="3" />
            </Method>
            <Method visited="true" cyclomaticComplexity="1" sequenceCoverage="100" branchCoverage="100" isConstructor="false" isStatic="true" isGetter="false" isSetter="false">
              <Summary numSequencePoints="3" visitedSequencePoints="3" numBranchPoints="1" visitedBranchPoints="1" sequenceCoverage="100" branchCoverage="100" maxCyclomaticComplexity="1" minCyclomaticComplexity="1" />
              <MetadataToken>100663343</MetadataToken>
              <Name>System.Int32 TheKoans.K020_AboutVariables/SpecialInt::op_Implicit(TheKoans.K020_AboutVariables/SpecialInt)</Name>
              <FileRef uid="3" />
              <SequencePoints>
                <SequencePoint vc="3" uspid="226" ordinal="0" offset="0" sl="110" sc="4" el="110" ec="5" bec="0" bev="0" fileid="3" />
                <SequencePoint vc="3" uspid="227" ordinal="1" offset="1" sl="111" sc="5" el="111" ec="19" bec="0" bev="0" fileid="3" />
                <SequencePoint vc="3" uspid="228" ordinal="2" offset="10" sl="112" sc="4" el="112" ec="5" bec="0" bev="0" fileid="3" />
              </SequencePoints>
              <BranchPoints />
              <MethodPoint xsi:type="SequencePoint" vc="3" uspid="226" ordinal="0" offset="0" sl="110" sc="4" el="110" ec="5" bec="0" bev="0" fileid="3" />
            </Method>
            <Method visited="true" cyclomaticComplexity="1" sequenceCoverage="100" branchCoverage="100" isConstructor="false" isStatic="true" isGetter="false" isSetter="false">
              <Summary numSequencePoints="3" visitedSequencePoints="3" numBranchPoints="1" visitedBranchPoints="1" sequenceCoverage="100" branchCoverage="100" maxCyclomaticComplexity="1" minCyclomaticComplexity="1" />
[...]
                <SequencePoint vc="0" uspid="833" ordinal="4" offset="90" sl="145" sc="4" el="145" ec="73" bec="0" bev="0" fileid="21" />
                <SequencePoint vc="0" uspid="834" ordinal="5" offset="112" sl="146" sc="3" el="146" ec="4" bec="0" bev="0" fileid="21" />
              </SequencePoints>
              <BranchPoints />
              <MethodPoint xsi:type="SequencePoint" vc="1" uspid="829" ordinal="0" offset="0" sl="140" sc="3" el="140" ec="4" bec="0" bev="0" fileid="21" />
            </Method>
            <Method visited="true" cyclomaticComplexity="1" sequenceCoverage="75" branchCoverage="100" isConstructor="false" isStatic="false" isGetter="false" isSetter="false">
              <Summary numSequencePoints="4" visitedSequencePoints="3" numBranchPoints="1" visitedBranchPoints="1" sequenceCoverage="75" branchCoverage="100" maxCyclomaticComplexity="1" minCyclomaticComplexity="1" />
              <MetadataToken>100663457</MetadataToken>
              <Name>System.Void TheKoans.K110_AboutGenerics::WhenEnforceConstrainFromTypeYouUseThatType()</Name>
              <FileRef uid="21" />
              <SequencePoints>
                <SequencePoint vc="1" uspid="835" ordinal="0" offset="0" sl="150" sc="3" el="150" ec="4" bec="0" bev="0" fileid="21" />
                <SequencePoint vc="1" uspid="836" ordinal="1" offset="1" sl="151" sc="4" el="151" ec="73" bec="0" bev="0" fileid="21" />
                <SequencePoint vc="1" uspid="837" ordinal="2" offset="26" sl="155" sc="4" el="155" ec="51" bec="0" bev="0" fileid="21" />
                <SequencePoint vc="0" uspid="838" ordinal="3" offset="43" sl="156" sc="3" el="156" ec="4" bec="0" bev="0" fileid="21" />
              </SequencePoints>
              <BranchPoints />
              <MethodPoint xsi:type="SequencePoint" vc="1" uspid="835" ordinal="0" offset="0" sl="150" sc="3" el="150" ec="4" bec="0" bev="0" fileid="21" />
            </Method>
            <Method visited="true" cyclomaticComplexity="1" sequenceCoverage="0" branchCoverage="0" isConstructor="true" isStatic="false" isGetter="false" isSetter="false">
              <Summary numSequencePoints="0" visitedSequencePoints="0" numBranchPoints="0" visitedBranchPoints="0" sequenceCoverage="0" branchCoverage="0" maxCyclomaticComplexity="1" minCyclomaticComplexity="1" />
              <MetadataToken>100663458</MetadataToken>
              <Name>System.Void TheKoans.K110_AboutGenerics::.ctor()</Name>
              <SequencePoints />
              <BranchPoints />
              <MethodPoint vc="1" uspid="839" ordinal="0" offset="0" />
            </Method>
          </Methods>
        </Class>
        <Class>
          <Summary numSequencePoints="0" visitedSequencePoints="0" numBranchPoints="0" visitedBranchPoints="0" sequenceCoverage="0" branchCoverage="0" maxCyclomaticComplexity="1" minCyclomaticComplexity="1" />
          <FullName>TheKoans.K110_AboutGenerics/Dog</FullName>
          <Methods>
            <Method visited="false" cyclomaticComplexity="1" sequenceCoverage="0" branchCoverage="0" isConstructor="true" isStatic="false" isGetter="false" isSetter="false">
              <Summary numSequencePoints="0" visitedSequencePoints="0" numBranchPoints="0" visitedBranchPoints="0" sequenceCoverage="0" branchCoverage="0" maxCyclomaticComplexity="1" minCyclomaticComplexity="1" />
              <MetadataToken>100663459</MetadataToken>
              <Name>System.Void TheKoans.K110_AboutGenerics/Dog::.ctor()</Name>
              <SequencePoints />
              <BranchPoints />
              <MethodPoint vc="0" uspid="840" ordinal="0" offset="0" />
            </Method>
          </Methods>
        </Class>
        <Class>
          <Summary numSequencePoints="0" visitedSequencePoints="0" numBranchPoints="0" visitedBranchPoints="0" sequenceCoverage="0" branchCoverage="0" maxCyclomaticComplexity="1" minCyclomaticComplexity="1" />
          <FullName>TheKoans.K110_AboutGenerics/Cat</FullName>
          <Methods>
            <Method visited="false" cyclomaticComplexity="1" sequenceCoverage="0" branchCoverage="0" isConstructor="true" isStatic="false" isGetter="false" isSetter="false">
              <Summary numSequencePoints="0" visitedSequencePoints="0" numBranchPoints="0" visitedBranchPoints="0" sequenceCoverage="0" branchCoverage="0" maxCyclomaticComplexity="1" minCyclomaticComplexity="1" />
              <MetadataToken>100663460</MetadataToken>
              <Name>System.Void TheKoans.K110_AboutGenerics/Cat::.ctor()</Name>
              <SequencePoints />
              <BranchPoints />
              <MethodPoint vc="0" uspid="841" ordinal="0" offset="0" />
            </Method>
          </Methods>
        </Class>
        <Class>
          <Summary numSequencePoints="0" visitedSequencePoints="0" numBranchPoints="0" visitedBranchPoints="0" sequenceCoverage="0" branchCoverage="0" maxCyclomaticComplexity="1" minCyclomaticComplexity="1" />
          <FullName>TheKoans.K110_AboutGenerics/Robot</FullName>
          <Methods>
            <Method visited="false" cyclomaticComplexity="1" sequenceCoverage="0" branchCoverage="0" isConstructor="true" isStatic="false" isGetter="false" isSetter="false">
              <Summary numSequencePoints="0" visitedSequencePoints="0" numBranchPoints="0" visitedBranchPoints="0" sequenceCoverage="0" branchCoverage="0" maxCyclomaticComplexity="1" minCyclomaticComplexity="1" />
              <MetadataToken>100663461</MetadataToken>
              <Name>System.Void TheKoans.K110_AboutGenerics/Robot::.ctor()</Name>
              <SequencePoints />
              <BranchPoints />
              <MethodPoint vc="0" uspid="842" ordinal="0" offset="0" />
            </Method>
          </Methods>
        </Class>
        <Class>
          <Summary numSequencePoints="3" visitedSequencePoints="3" numBranchPoints="1" visitedBranchPoints="1" sequenceCoverage="100" branchCoverage="100" maxCyclomaticComplexity="1" minCyclomaticComplexity="1" />
          <FullName>TheKoans.K110_AboutGenerics/SayHello`1</FullName>
          <Methods>
            <Method visited="true" cyclomaticComplexity="1" sequenceCoverage="100" branchCoverage="100" isConstructor="false" isStatic="false" isGetter="false" isSetter="false">
              <Summary numSequencePoints="3" visitedSequencePoints="3" numBranchPoints="1" visitedBranchPoints="1" sequenceCoverage="100" branchCoverage="100" maxCyclomaticComplexity="1" minCyclomaticComplexity="1" />
              <MetadataToken>100663462</MetadataToken>
              <Name>System.String TheKoans.K110_AboutGenerics/SayHello`1::HelloMessage()</Name>
              <FileRef uid="21" />
              <SequencePoints>
                <SequencePoint vc="2" uspid="843" ordinal="0" offset="0" sl="27" sc="4" el="27" ec="5" bec="0" bev="0" fileid="21" />
                <SequencePoint vc="2" uspid="844" ordinal="1" offset="1" sl="28" sc="5" el="28" ec="62" bec="0" bev="0" fileid="21" />
                <SequencePoint vc="2" uspid="845" ordinal="2" offset="29" sl="29" sc="4" el="29" ec="5" bec="0" bev="0" fileid="21" />
              </SequencePoints>
              <BranchPoints />
              <MethodPoint xsi:type="SequencePoint" vc="2" uspid="843" ordinal="0" offset="0" sl="27" sc="4" el="27" ec="5" bec="0" bev="0" fileid="21" />
            </Method>
            <Method visited="true" cyclomaticComplexity="1" sequenceCoverage="0" branchCoverage="0" isConstructor="true" isStatic="false" isGetter="false" isSetter="false">
              <Summary numSequencePoints="0" visitedSequencePoints="0" numBranchPoints="0" visitedBranchPoints="0" sequenceCoverage="0" branchCoverage="0" maxCyclomaticComplexity="1" minCyclomaticComplexity="1" />
              <MetadataToken>100663463</MetadataToken>
              <Name>System.Void TheKoans.K110_AboutGenerics/SayHello`1::.ctor()</Name>
              <SequencePoints />
              <BranchPoints />
              <MethodPoint vc="8" uspid="846" ordinal="0" offset="0" />
            </Method>
          </Methods>
        </Class>
        <Class>
          <Summary numSequencePoints="3" visitedSequencePoints="0" numBranchPoints="1" visitedBranchPoints="0" sequenceCoverage="0" branchCoverage="0" maxCyclomaticComplexity="1" minCyclomaticComplexity="1" />
          <FullName>TheKoans.K110_AboutGenerics/SayHelloToAnimalsOnly`1</FullName>
          <Methods>
            <Method visited="false" cyclomaticComplexity="1" sequenceCoverage="0" branchCoverage="0" isConstructor="false" isStatic="false" isGetter="false" isSetter="false">
              <Summary numSequencePoints="3" visitedSequencePoints="0" numBranchPoints="1" visitedBranchPoints="0" sequenceCoverage="0" branchCoverage="0" maxCyclomaticComplexity="1" minCyclomaticComplexity="1" />
              <MetadataToken>100663464</MetadataToken>
              <Name>System.String TheKoans.K110_AboutGenerics/SayHelloToAnimalsOnly`1::HelloMessage()</Name>
              <FileRef uid="21" />
              <SequencePoints>
                <SequencePoint vc="0" uspid="847" ordinal="0" offset="0" sl="35" sc="4" el="35" ec="5" bec="0" bev="0" fileid="21" />
                <SequencePoint vc="0" uspid="848" ordinal="1" offset="1" sl="36" sc="5" el="36" ec="62" bec="0" bev="0" fileid="21" />
                <SequencePoint vc="0" uspid="849" ordinal="2" offset="29" sl="37" sc="4" el="37" ec="5" bec="0" bev="0" fileid="21" />
              </SequencePoints>
              <BranchPoints />
              <MethodPoint xsi:type="SequencePoint" vc="0" uspid="847" ordinal="0" offset="0" sl="35" sc="4" el="35" ec="5" bec="0" bev="0" fileid="21" />
            </Method>
            <Method visited="false" cyclomaticComplexity="1" sequenceCoverage="0" branchCoverage="0" isConstructor="true" isStatic="false" isGetter="false" isSetter="false">
              <Summary numSequencePoints="0" visitedSequencePoints="0" numBranchPoints="0" visitedBranchPoints="0" sequenceCoverage="0" branchCoverage="0" maxCyclomaticComplexity="1" minCyclomaticComplexity="1" />
              <MetadataToken>100663465</MetadataToken>
              <Name>System.Void TheKoans.K110_AboutGenerics/SayHelloToAnimalsOnly`1::.ctor()</Name>
              <SequencePoints />
              <BranchPoints />
              <MethodPoint vc="0" uspid="850" ordinal="0" offset="0" />
            </Method>
          </Methods>
        </Class>
        <Class>
          <Summary numSequencePoints="0" visitedSequencePoints="0" numBranchPoints="0" visitedBranchPoints="0" sequenceCoverage="0" branchCoverage="0" maxCyclomaticComplexity="1" minCyclomaticComplexity="1" />
          <FullName>TheKoans.K110_AboutGenerics/Person</FullName>
          <Methods>
            <Method visited="true" cyclomaticComplexity="1" sequenceCoverage="0" branchCoverage="0" isConstructor="false" isStatic="false" isGetter="true" isSetter="false">
              <Summary numSequencePoints="0" visitedSequencePoints="0" numBranchPoints="0" visitedBranchPoints="0" sequenceCoverage="0" branchCoverage="0" maxCyclomaticComplexity="1" minCyclomaticComplexity="1" />
              <MetadataToken>100663467</MetadataToken>
              <Name>System.String TheKoans.K110_AboutGenerics/Person::get_Name()</Name>
              <SequencePoints />
              <BranchPoints />
              <MethodPoint vc="1" uspid="851" ordinal="0" offset="0" />
            </Method>
            <Method visited="true" cyclomaticComplexity="1" sequenceCoverage="0" branchCoverage="0" isConstructor="false" isStatic="false" isGetter="false" isSetter="true">
              <Summary numSequencePoints="0" visitedSequencePoints="0" numBranchPoints="0" visitedBranchPoints="0" sequenceCoverage="0" branchCoverage="0" maxCyclomaticComplexity="1" minCyclomaticComplexity="1" />
              <MetadataToken>100663468</MetadataToken>
              <Name>System.Void TheKoans.K110_AboutGenerics/Person::set_Name(System.String)</Name>
              <SequencePoints />
              <BranchPoints />
              <MethodPoint vc="2" uspid="852" ordinal="0" offset="0" />
            </Method>
            <Method visited="true" cyclomaticComplexity="1" sequenceCoverage="0" branchCoverage="0" isConstructor="true" isStatic="false" isGetter="false" isSetter="false">
              <Summary numSequencePoints="0" visitedSequencePoints="0" numBranchPoints="0" visitedBranchPoints="0" sequenceCoverage="0" branchCoverage="0" maxCyclomaticComplexity="1" minCyclomaticComplexity="1" />
              <MetadataToken>100663469</MetadataToken>
              <Name>System.Void TheKoans.K110_AboutGenerics/Person::.ctor()</Name>
              <SequencePoints />
              <BranchPoints />
              <MethodPoint vc="2" uspid="853" ordinal="0" offset="0" />
            </Method>
          </Methods>
        </Class>
        <Class>
          <Summary numSequencePoints="7" visitedSequencePoints="7" numBranchPoints="2" visitedBranchPoints="2" sequenceCoverage="100" branchCoverage="100" maxCyclomaticComplexity="1" minCyclomaticComplexity="1" />
          <FullName>TheKoans.K110_AboutGenerics/AnimalOwner`2</FullName>
          <Methods>
            <Method visited="true" cyclomaticComplexity="1" sequenceCoverage="100" branchCoverage="100" isConstructor="true" isStatic="false" isGetter="false" isSetter="false">
              <Summary numSequencePoints="4" visitedSequencePoints="4" numBranchPoints="1" visitedBranchPoints="1" sequenceCoverage="100" branchCoverage="100" maxCyclomaticComplexity="1" minCyclomaticComplexity="1" />
              <MetadataToken>100663470</MetadataToken>
              <Name>System.Void TheKoans.K110_AboutGenerics/AnimalOwner`2::.ctor(TOwner)</Name>
              <FileRef uid="21" />
              <SequencePoints>
                <SequencePoint vc="2" uspid="854" ordinal="0" offset="0" sl="127" sc="4" el="127" ec="37" bec="0" bev="0" fileid="21" />
                <SequencePoint vc="2" uspid="855" ordinal="1" offset="7" sl="128" sc="4" el="128" ec="5" bec="0" bev="0" fileid="21" />
                <SequencePoint vc="2" uspid="856" ordinal="2" offset="8" sl="129" sc="5" el="129" ec="24" bec="0" bev="0" fileid="21" />
                <SequencePoint vc="2" uspid="857" ordinal="3" offset="15" sl="130" sc="4" el="130" ec="5" bec="0" bev="0" fileid="21" />
              </SequencePoints>
              <BranchPoints />
              <MethodPoint xsi:type="SequencePoint" vc="2" uspid="854" ordinal="0" offset="0" sl="127" sc="4" el="127" ec="37" bec="0" bev="0" fileid="21" />
            </Method>
            <Method visited="true" cyclomaticComplexity="1" sequenceCoverage="100" branchCoverage="100" isConstructor="false" isStatic="false" isGetter="false" isSetter="false">
              <Summary numSequencePoints="3" visitedSequencePoints="3" numBranchPoints="1" visitedBranchPoints="1" sequenceCoverage="100" branchCoverage="100" maxCyclomaticComplexity="1" minCyclomaticComplexity="1" />
              <MetadataToken>100663471</MetadataToken>
              <Name>System.String TheKoans.K110_AboutGenerics/AnimalOwner`2::Describe()</Name>
              <FileRef uid="21" />
              <SequencePoints>
                <SequencePoint vc="1" uspid="858" ordinal="0" offset="0" sl="133" sc="4" el="133" ec="5" bec="0" bev="0" fileid="21" />
                <SequencePoint vc="1" uspid="859" ordinal="1" offset="1" sl="134" sc="5" el="134" ec="83" bec="0" bev="0" fileid="21" />
                <SequencePoint vc="1" uspid="860" ordinal="2" offset="46" sl="135" sc="4" el="135" ec="5" bec="0" bev="0" fileid="21" />
              </SequencePoints>
              <BranchPoints />
              <MethodPoint xsi:type="SequencePoint" vc="1" uspid="858" ordinal="0" offset="0" sl="133" sc="4" el="133" ec="5" bec="0" bev="0" fileid="21" />
            </Method>
          </Methods>
        </Class>
        <Class>
          <Summary numSequencePoints="0" visitedSequencePoints="0" numBranchPoints="0" visitedBranchPoints="0" sequenceCoverage="0" branchCoverage="0" maxCyclomaticComplexity="1" minCyclomaticComplexity="1" />
          <FullName>&lt;&gt;f__AnonymousType0</FullName>
          <Methods>
            <Method visited="true" cyclomaticComplexity="1" sequenceCoverage="0" branchCoverage="0" isConstructor="true" isStatic="false" isGetter="false" isSetter="false">
              <Summary numSequencePoints="0" visitedSequencePoints="0" numBranchPoints="0" visitedBranchPoints="0" sequenceCoverage="0" branchCoverage="0" maxCyclomaticComplexity="1" minCyclomaticComplexity="1" />
              <MetadataToken>100663472</MetadataToken>
              <Name>System.Void &lt;&gt;f__AnonymousType0::.ctor()</Name>
              <SequencePoints />
              <BranchPoints />
              <MethodPoint vc="1" uspid="861" ordinal="0" offset="0" />
            </Method>
            <Method visited="false" cyclomaticComplexity="1" sequenceCoverage="0" branchCoverage="0" isConstructor="false" isStatic="false" isGetter="false" isSetter="false">
              <Summary numSequencePoints="0" visitedSequencePoints="0" numBranchPoints="0" visitedBranchPoints="0" sequenceCoverage="0" branchCoverage="0" maxCyclomaticComplexity="1" minCyclomaticComplexity="1" />
              <MetadataToken>100663473</MetadataToken>
              <Name>System.String &lt;&gt;f__AnonymousType0::ToString()</Name>
              <SequencePoints />
              <BranchPoints />
              <MethodPoint vc="0" uspid="862" ordinal="0" offset="0" />
            </Method>
            <Method visited="false" cyclomaticComplexity="1" sequenceCoverage="0" branchCoverage="0" isConstructor="false" isStatic="false" isGetter="false" isSetter="false">
              <Summary numSequencePoints="0" visitedSequencePoints="0" numBranchPoints="0" visitedBranchPoints="0" sequenceCoverage="0" branchCoverage="0" maxCyclomaticComplexity="1" minCyclomaticComplexity="1" />
              <MetadataToken>100663474</MetadataToken>
              <Name>System.Boolean &lt;&gt;f__AnonymousType0::Equals(System.Object)</Name>
              <SequencePoints />
              <BranchPoints />
              <MethodPoint vc="0" uspid="863" ordinal="0" offset="0" />
            </Method>
            <Method visited="false" cyclomaticComplexity="1" sequenceCoverage="0" branchCoverage="0" isConstructor="false" isStatic="false" isGetter="false" isSetter="false">
              <Summary numSequencePoints="0" visitedSequencePoints="0" numBranchPoints="0" visitedBranchPoints="0" sequenceCoverage="0" branchCoverage="0" maxCyclomaticComplexity="1" minCyclomaticComplexity="1" />
              <MetadataToken>100663475</MetadataToken>
              <Name>System.Int32 &lt;&gt;f__AnonymousType0::GetHashCode()</Name>
              <SequencePoints />
              <BranchPoints />
              <MethodPoint vc="0" uspid="864" ordinal="0" offset="0" />
            </Method>
          </Methods>
        </Class>
      </Classes>
    </Module>
    <Module skippedDueTo="MissingPdb" hash="42-83-FE-A6-9F-01-8E-2C-E8-41-E9-25-3E-1E-0D-99-81-76-6B-C9">
      <FullName>C:\Users\Charly-PC\AppData\Local\Temp\nunit20\ShadowCopyCache\6504_635367970036095266\Tests_1108440265\assembly\dl3\b459df29\ddee160b_a579cf01\nunit.framework.dll</FullName>
      <ModuleName>nunit.framework</ModuleName>
      <Classes />
    </Module>
    <Module skippedDueTo="Filter" hash="68-2C-E9-3C-97-12-3E-41-03-67-62-B8-56-00-43-0F-FC-D5-55-41">
      <FullName>C:\Windows\Microsoft.Net\assembly\GAC_MSIL\System.Configuration\v4.0_4.0.0.0__b03f5f7f11d50a3a\System.Configuration.dll</FullName>
      <ModuleName>System.Configuration</ModuleName>
      <Classes />
    </Module>
    <Module skippedDueTo="Filter" hash="58-95-C1-AF-C4-E5-C6-BB-F3-54-7A-B0-3C-B7-C6-29-C9-42-CA-D4">
      <FullName>C:\Windows\Microsoft.Net\assembly\GAC_MSIL\System.Core\v4.0_4.0.0.0__b77a5c561934e089\System.Core.dll</FullName>
      <ModuleName>System.Core</ModuleName>
      <Classes />
    </Module>
  </Modules>
</CoverageSession>